#
# There is insufficient memory for the Java Runtime Environment to continue.
# Native memory allocation (malloc) failed to allocate 1145936 bytes. Error detail: Chunk::new
# Possible reasons:
#   The system is out of physical RAM or swap space
#   This process is running with CompressedOops enabled, and the Java Heap may be blocking the growth of the native heap
# Possible solutions:
#   Reduce memory load on the system
#   Increase physical memory or swap space
#   Check if swap backing store is full
#   Decrease Java heap size (-Xmx/-Xms)
#   Decrease number of Java threads
#   Decrease Java thread stack sizes (-Xss)
#   Set larger code cache with -XX:ReservedCodeCacheSize=
#   JVM is running with Unscaled Compressed Oops mode in which the Java heap is
#     placed in the first 4GB address space. The Java Heap base address is the
#     maximum limit for the native heap growth. Please use -XX:HeapBaseMinAddress
#     to set the Java Heap base and to place the Java Heap above 4GB virtual address.
# This output file may be truncated or incomplete.
#
#  Out of Memory Error (arena.cpp:191), pid=19064, tid=19240
#
# JRE version: OpenJDK Runtime Environment Temurin-17.0.13+11 (17.0.13+11) (build 17.0.13+11)
# Java VM: OpenJDK 64-Bit Server VM Temurin-17.0.13+11 (17.0.13+11, mixed mode, tiered, compressed oops, compressed class ptrs, parallel gc, windows-amd64)
# No core dump will be written. Minidumps are not enabled by default on client versions of Windows
#

---------------  S U M M A R Y ------------

Command Line: --add-modules=ALL-SYSTEM --add-opens=java.base/java.util=ALL-UNNAMED --add-opens=java.base/java.lang=ALL-UNNAMED --add-opens=java.base/sun.nio.fs=ALL-UNNAMED -Declipse.application=org.eclipse.jdt.ls.core.id1 -Dosgi.bundles.defaultStartLevel=4 -Declipse.product=org.eclipse.jdt.ls.core.product -Djava.import.generatesMetadataFilesAtProjectRoot=false -DDetectVMInstallationsJob.disabled=true -Dfile.encoding=utf8 -XX:+UseParallelGC -XX:GCTimeRatio=4 -XX:AdaptiveSizePolicyWeight=90 -Dsun.zip.disableMemoryMapping=true -Xmx1G -Xms100m -Xlog:disable -javaagent:c:\Users\dell\.vscode\extensions\redhat.java-1.36.0-win32-x64\lombok\lombok-1.18.35.jar -XX:+HeapDumpOnOutOfMemoryError -XX:HeapDumpPath=c:\Users\dell\AppData\Roaming\Code\User\workspaceStorage\a4247ba8b9e7802f6bc315f6b1c92591\redhat.java -Daether.dependencyCollector.impl=bf c:\Users\dell\.vscode\extensions\redhat.java-1.36.0-win32-x64\server\plugins\org.eclipse.equinox.launcher_1.6.900.v20240613-2009.jar -configuration c:\Users\dell\AppData\Roaming\Code\User\globalStorage\redhat.java\1.36.0\config_win -data c:\Users\dell\AppData\Roaming\Code\User\workspaceStorage\a4247ba8b9e7802f6bc315f6b1c92591\redhat.java\jdt_ws --pipe=\\.\pipe\lsp-d36c34242ee6f7fe0dd4ecdc63d9facc-sock

Host: Intel(R) Core(TM) i3-6006U CPU @ 2.00GHz, 4 cores, 7G,  Windows 10 , 64 bit Build 19041 (10.0.19041.5072)
Time: Wed Nov  6 11:24:53 2024 India Standard Time elapsed time: 58.966171 seconds (0d 0h 0m 58s)

---------------  T H R E A D  ---------------

Current thread (0x0000018c6d865710):  JavaThread "C2 CompilerThread0" daemon [_thread_in_native, id=19240, stack(0x00000027ca300000,0x00000027ca400000)]


Current CompileTask:
C2:  58966 4033       4       org.eclipse.osgi.internal.loader.ModuleClassLoader::toString (80 bytes)

Stack: [0x00000027ca300000,0x00000027ca400000]
Native frames: (J=compiled Java code, j=interpreted, Vv=VM code, C=native code)
V  [jvm.dll+0x682a19]
V  [jvm.dll+0x839538]
V  [jvm.dll+0x83afe3]
V  [jvm.dll+0x83b653]
V  [jvm.dll+0x24704f]
V  [jvm.dll+0xace34]
V  [jvm.dll+0xad4cc]
V  [jvm.dll+0x36592f]
V  [jvm.dll+0x32fbd8]
V  [jvm.dll+0x32f05a]
V  [jvm.dll+0x21804f]
V  [jvm.dll+0x21748f]
V  [jvm.dll+0x1a3070]
V  [jvm.dll+0x22788c]
V  [jvm.dll+0x2259eb]
V  [jvm.dll+0x7eec98]
V  [jvm.dll+0x7e8ffc]
V  [jvm.dll+0x6818f7]
C  [ucrtbase.dll+0x21bb2]
C  [KERNEL32.DLL+0x17374]
C  [ntdll.dll+0x4cc91]


---------------  P R O C E S S  ---------------

Threads class SMR info:
_java_thread_list=0x0000018c7420ca50, length=27, elements={
0x0000018c599f96f0, 0x0000018c6d835740, 0x0000018c6d836750, 0x0000018c6d85d140,
0x0000018c6d85fee0, 0x0000018c6d860c70, 0x0000018c6d864a60, 0x0000018c6d865710,
0x0000018c72aca430, 0x0000018c72acd100, 0x0000018c72ba9010, 0x0000018c72d0dfe0,
0x0000018c736f6f60, 0x0000018c730e14e0, 0x0000018c72bd9fa0, 0x0000018c733dcf70,
0x0000018c737ea8a0, 0x0000018c7335d830, 0x0000018c7335ce10, 0x0000018c7335c900,
0x0000018c7335a590, 0x0000018c7335d320, 0x0000018c7335aaa0, 0x0000018c7335afb0,
0x0000018c74280060, 0x0000018c7335b4c0, 0x0000018c7335bee0
}

Java Threads: ( => current thread )
  0x0000018c599f96f0 JavaThread "main" [_thread_blocked, id=17136, stack(0x00000027c9a00000,0x00000027c9b00000)]
  0x0000018c6d835740 JavaThread "Reference Handler" daemon [_thread_blocked, id=19060, stack(0x00000027c9d00000,0x00000027c9e00000)]
  0x0000018c6d836750 JavaThread "Finalizer" daemon [_thread_blocked, id=17528, stack(0x00000027c9e00000,0x00000027c9f00000)]
  0x0000018c6d85d140 JavaThread "Signal Dispatcher" daemon [_thread_blocked, id=17524, stack(0x00000027c9f00000,0x00000027ca000000)]
  0x0000018c6d85fee0 JavaThread "Attach Listener" daemon [_thread_blocked, id=17760, stack(0x00000027ca000000,0x00000027ca100000)]
  0x0000018c6d860c70 JavaThread "Service Thread" daemon [_thread_blocked, id=19112, stack(0x00000027ca100000,0x00000027ca200000)]
  0x0000018c6d864a60 JavaThread "Monitor Deflation Thread" daemon [_thread_blocked, id=8824, stack(0x00000027ca200000,0x00000027ca300000)]
=>0x0000018c6d865710 JavaThread "C2 CompilerThread0" daemon [_thread_in_native, id=19240, stack(0x00000027ca300000,0x00000027ca400000)]
  0x0000018c72aca430 JavaThread "C1 CompilerThread0" daemon [_thread_blocked, id=17532, stack(0x00000027ca400000,0x00000027ca500000)]
  0x0000018c72acd100 JavaThread "Sweeper thread" daemon [_thread_blocked, id=17520, stack(0x00000027ca500000,0x00000027ca600000)]
  0x0000018c72ba9010 JavaThread "Common-Cleaner" daemon [_thread_blocked, id=7316, stack(0x00000027ca600000,0x00000027ca700000)]
  0x0000018c72d0dfe0 JavaThread "Notification Thread" daemon [_thread_blocked, id=17396, stack(0x00000027ca700000,0x00000027ca800000)]
  0x0000018c736f6f60 JavaThread "Active Thread: Equinox Container: 5e543c4a-a9b1-4eb7-aa43-c96010e541e0" [_thread_blocked, id=15380, stack(0x00000027cad00000,0x00000027cae00000)]
  0x0000018c730e14e0 JavaThread "Refresh Thread: Equinox Container: 5e543c4a-a9b1-4eb7-aa43-c96010e541e0" daemon [_thread_blocked, id=19400, stack(0x00000027cae00000,0x00000027caf00000)]
  0x0000018c72bd9fa0 JavaThread "Framework Event Dispatcher: Equinox Container: 5e543c4a-a9b1-4eb7-aa43-c96010e541e0" daemon [_thread_blocked, id=2612, stack(0x00000027caf00000,0x00000027cb000000)]
  0x0000018c733dcf70 JavaThread "Start Level: Equinox Container: 5e543c4a-a9b1-4eb7-aa43-c96010e541e0" daemon [_thread_in_native, id=10128, stack(0x00000027cb000000,0x00000027cb100000)]
  0x0000018c737ea8a0 JavaThread "Bundle File Closer" daemon [_thread_blocked, id=18596, stack(0x00000027cac00000,0x00000027cad00000)]
  0x0000018c7335d830 JavaThread "SCR Component Actor" daemon [_thread_blocked, id=17612, stack(0x00000027cb100000,0x00000027cb200000)]
  0x0000018c7335ce10 JavaThread "SCR Component Registry" daemon [_thread_blocked, id=18860, stack(0x00000027cb200000,0x00000027cb300000)]
  0x0000018c7335c900 JavaThread "Worker-JM" [_thread_blocked, id=17964, stack(0x00000027cb300000,0x00000027cb400000)]
  0x0000018c7335a590 JavaThread "JNA Cleaner" daemon [_thread_blocked, id=12132, stack(0x00000027cb400000,0x00000027cb500000)]
  0x0000018c7335d320 JavaThread "Worker-0: Updating Maven Dependencies" [_thread_in_native, id=14552, stack(0x00000027cb500000,0x00000027cb600000)]
  0x0000018c7335aaa0 JavaThread "Worker-1: Repository registry initialization" [_thread_blocked, id=19016, stack(0x00000027cb600000,0x00000027cb700000)]
  0x0000018c7335afb0 JavaThread "Worker-2" [_thread_blocked, id=13028, stack(0x00000027cb700000,0x00000027cb800000)]
  0x0000018c74280060 JavaThread "C2 CompilerThread1" daemon [_thread_in_native, id=17976, stack(0x00000027cb800000,0x00000027cb900000)]
  0x0000018c7335b4c0 JavaThread "Worker-3" [_thread_blocked, id=220, stack(0x00000027cb900000,0x00000027cba00000)]
  0x0000018c7335bee0 JavaThread "Java indexing" daemon [_thread_blocked, id=10752, stack(0x00000027cba00000,0x00000027cbb00000)]

Other Threads:
  0x0000018c59aaec50 VMThread "VM Thread" [stack: 0x00000027c9c00000,0x00000027c9d00000] [id=19048]
  0x0000018c72d0e4c0 WatcherThread [stack: 0x00000027ca800000,0x00000027ca900000] [id=17584]
  0x0000018c59a0e680 GCTaskThread "GC Thread#0" [stack: 0x00000027c9b00000,0x00000027c9c00000] [id=17504]
  0x0000018c72f0d040 GCTaskThread "GC Thread#1" [stack: 0x00000027ca900000,0x00000027caa00000] [id=3216]
  0x0000018c734e2090 GCTaskThread "GC Thread#2" [stack: 0x00000027caa00000,0x00000027cab00000] [id=5732]
  0x0000018c732c50a0 GCTaskThread "GC Thread#3" [stack: 0x00000027cab00000,0x00000027cac00000] [id=4060]

Threads with active compile tasks:
C2 CompilerThread0    59054 4033       4       org.eclipse.osgi.internal.loader.ModuleClassLoader::toString (80 bytes)
C2 CompilerThread1    59054 4052       4       org.eclipse.osgi.internal.serviceregistry.ServiceRegistry::notifyHooksPrivileged (58 bytes)

VM state: not at safepoint (normal execution)

VM Mutex/Monitor currently owned by a thread: None

Heap address: 0x00000000c0000000, size: 1024 MB, Compressed Oops mode: 32-bit

CDS archive(s) not mapped
Compressed class space mapped at: 0x0000000100000000-0x0000000140000000, reserved size: 1073741824
Narrow klass base: 0x0000000000000000, Narrow klass shift: 3, Narrow klass range: 0x140000000

GC Precious Log:
 CPUs: 4 total, 4 available
 Memory: 8058M
 Large Page Support: Disabled
 NUMA Support: Disabled
 Compressed Oops: Enabled (32-bit)
 Alignments: Space 512K, Generation 512K, Heap 2M
 Heap Min Capacity: 100M
 Heap Initial Capacity: 100M
 Heap Max Capacity: 1G
 Pre-touch: Disabled
 Parallel Workers: 4

Heap:
 PSYoungGen      total 23552K, used 13768K [0x00000000eab00000, 0x00000000ec680000, 0x0000000100000000)
  eden space 23040K, 59% used [0x00000000eab00000,0x00000000eb8723c0,0x00000000ec180000)
  from space 512K, 0% used [0x00000000ec180000,0x00000000ec180000,0x00000000ec200000)
  to   space 2048K, 0% used [0x00000000ec480000,0x00000000ec480000,0x00000000ec680000)
 ParOldGen       total 68608K, used 15331K [0x00000000c0000000, 0x00000000c4300000, 0x00000000eab00000)
  object space 68608K, 22% used [0x00000000c0000000,0x00000000c0ef8ca8,0x00000000c4300000)
 Metaspace       used 37006K, committed 37760K, reserved 1114112K
  class space    used 3698K, committed 4032K, reserved 1048576K

Card table byte_map: [0x0000018c59390000,0x0000018c595a0000] _byte_map_base: 0x0000018c58d90000

Marking Bits: (ParMarkBitMap*) 0x00007fff22176940
 Begin Bits: [0x0000018c6b690000, 0x0000018c6c690000)
 End Bits:   [0x0000018c6c690000, 0x0000018c6d690000)

Polling page: 0x0000018c57960000

Metaspace:

Usage:
  Non-class:     32.53 MB used.
      Class:      3.61 MB used.
       Both:     36.14 MB used.

Virtual space:
  Non-class space:       64.00 MB reserved,      32.94 MB ( 51%) committed,  1 nodes.
      Class space:        1.00 GB reserved,       3.94 MB ( <1%) committed,  1 nodes.
             Both:        1.06 GB reserved,      36.88 MB (  3%) committed. 

Chunk freelists:
   Non-Class:  15.09 MB
       Class:  12.03 MB
        Both:  27.12 MB

MaxMetaspaceSize: unlimited
CompressedClassSpaceSize: 1.00 GB
Initial GC threshold: 21.00 MB
Current GC threshold: 58.38 MB
CDS: off
MetaspaceReclaimPolicy: balanced
 - commit_granule_bytes: 65536.
 - commit_granule_words: 8192.
 - virtual_space_node_default_size: 8388608.
 - enlarge_chunks_in_place: 1.
 - new_chunks_are_fully_committed: 0.
 - uncommit_free_chunks: 1.
 - use_allocation_guard: 0.
 - handle_deallocations: 1.


Internal statistics:

num_allocs_failed_limit: 6.
num_arena_births: 472.
num_arena_deaths: 26.
num_vsnodes_births: 2.
num_vsnodes_deaths: 0.
num_space_committed: 590.
num_space_uncommitted: 0.
num_chunks_returned_to_freelist: 36.
num_chunks_taken_from_freelist: 1683.
num_chunk_merges: 11.
num_chunk_splits: 1081.
num_chunks_enlarged: 693.
num_inconsistent_stats: 0.

CodeHeap 'non-profiled nmethods': size=120000Kb used=1982Kb max_used=1982Kb free=118018Kb
 bounds [0x0000018c64160000, 0x0000018c643d0000, 0x0000018c6b690000]
CodeHeap 'profiled nmethods': size=120000Kb used=8524Kb max_used=8524Kb free=111475Kb
 bounds [0x0000018c5c690000, 0x0000018c5cef0000, 0x0000018c63bc0000]
CodeHeap 'non-nmethods': size=5760Kb used=1259Kb max_used=1354Kb free=4500Kb
 bounds [0x0000018c63bc0000, 0x0000018c63e30000, 0x0000018c64160000]
 total_blobs=4646 nmethods=4063 adapters=496
 compilation: enabled
              stopped_count=0, restarted_count=0
 full_count=0

Compilation events (20 events):
Event: 58.841 Thread 0x0000018c74280060 nmethod 4036 0x0000018c6434b290 code [0x0000018c6434b400, 0x0000018c6434b598]
Event: 58.850 Thread 0x0000018c74280060 4037       4       java.util.LinkedList$ListItr::hasNext (20 bytes)
Event: 58.851 Thread 0x0000018c74280060 nmethod 4037 0x0000018c6434b690 code [0x0000018c6434b800, 0x0000018c6434b898]
Event: 58.861 Thread 0x0000018c72aca430 4038       3       java.util.regex.Pattern$Slice::match (79 bytes)
Event: 58.862 Thread 0x0000018c72aca430 nmethod 4038 0x0000018c5ced3f10 code [0x0000018c5ced40e0, 0x0000018c5ced4558]
Event: 58.865 Thread 0x0000018c72aca430 4039       3       com.sun.org.apache.xerces.internal.util.XMLResourceIdentifierImpl::setValues (28 bytes)
Event: 58.865 Thread 0x0000018c72aca430 nmethod 4039 0x0000018c5ced4710 code [0x0000018c5ced48a0, 0x0000018c5ced4a18]
Event: 58.866 Thread 0x0000018c72aca430 4040       3       com.sun.org.apache.xerces.internal.impl.XMLEntityManager::setScannerVersion (115 bytes)
Event: 58.867 Thread 0x0000018c72aca430 nmethod 4040 0x0000018c5ced4a90 code [0x0000018c5ced4ca0, 0x0000018c5ced5278]
Event: 58.867 Thread 0x0000018c72aca430 4041       3       java.util.HashMap::clear (50 bytes)
Event: 58.868 Thread 0x0000018c72aca430 nmethod 4041 0x0000018c5ced5510 code [0x0000018c5ced56c0, 0x0000018c5ced5a38]
Event: 58.875 Thread 0x0000018c72aca430 4042       3       java.lang.invoke.DelegatingMethodHandle$Holder::reinvoke_L (20 bytes)
Event: 58.875 Thread 0x0000018c72aca430 nmethod 4042 0x0000018c5ced5b90 code [0x0000018c5ced5d60, 0x0000018c5ced6138]
Event: 58.876 Thread 0x0000018c74280060 4043   !   4       org.eclipse.osgi.internal.serviceregistry.ServiceRegistry::lookupServiceRegistrations (215 bytes)
Event: 58.904 Thread 0x0000018c72aca430 4044       1       java.util.stream.Collectors$CollectorImpl::characteristics (5 bytes)
Event: 58.905 Thread 0x0000018c72aca430 nmethod 4044 0x0000018c6434b990 code [0x0000018c6434bb20, 0x0000018c6434bbf8]
Event: 58.944 Thread 0x0000018c72aca430 4045       3       java.util.stream.ReferencePipeline::findFirst (12 bytes)
Event: 58.945 Thread 0x0000018c72aca430 nmethod 4045 0x0000018c5ced6290 code [0x0000018c5ced6440, 0x0000018c5ced66e8]
Event: 58.945 Thread 0x0000018c72aca430 4046       3       java.util.stream.FindOps::makeRef (14 bytes)
Event: 58.945 Thread 0x0000018c72aca430 nmethod 4046 0x0000018c5ced6810 code [0x0000018c5ced69a0, 0x0000018c5ced6b18]

GC Heap History (20 events):
Event: 52.905 GC heap before
{Heap before GC invocations=4 (full 0):
 PSYoungGen      total 29696K, used 29673K [0x00000000eab00000, 0x00000000ecc00000, 0x0000000100000000)
  eden space 25600K, 99% used [0x00000000eab00000,0x00000000ec3fe548,0x00000000ec400000)
  from space 4096K, 99% used [0x00000000ec400000,0x00000000ec7fc190,0x00000000ec800000)
  to   space 4096K, 0% used [0x00000000ec800000,0x00000000ec800000,0x00000000ecc00000)
 ParOldGen       total 68608K, used 5922K [0x00000000c0000000, 0x00000000c4300000, 0x00000000eab00000)
  object space 68608K, 8% used [0x00000000c0000000,0x00000000c05c89a8,0x00000000c4300000)
 Metaspace       used 19275K, committed 19584K, reserved 1114112K
  class space    used 1934K, committed 2048K, reserved 1048576K
}
Event: 52.917 GC heap after
{Heap after GC invocations=4 (full 0):
 PSYoungGen      total 29696K, used 4086K [0x00000000eab00000, 0x00000000ecc00000, 0x0000000100000000)
  eden space 25600K, 0% used [0x00000000eab00000,0x00000000eab00000,0x00000000ec400000)
  from space 4096K, 99% used [0x00000000ec800000,0x00000000ecbfd828,0x00000000ecc00000)
  to   space 4096K, 0% used [0x00000000ec400000,0x00000000ec400000,0x00000000ec800000)
 ParOldGen       total 68608K, used 6740K [0x00000000c0000000, 0x00000000c4300000, 0x00000000eab00000)
  object space 68608K, 9% used [0x00000000c0000000,0x00000000c0695118,0x00000000c4300000)
 Metaspace       used 19275K, committed 19584K, reserved 1114112K
  class space    used 1934K, committed 2048K, reserved 1048576K
}
Event: 53.306 GC heap before
{Heap before GC invocations=5 (full 0):
 PSYoungGen      total 29696K, used 15513K [0x00000000eab00000, 0x00000000ecc00000, 0x0000000100000000)
  eden space 25600K, 44% used [0x00000000eab00000,0x00000000eb628ca8,0x00000000ec400000)
  from space 4096K, 99% used [0x00000000ec800000,0x00000000ecbfd828,0x00000000ecc00000)
  to   space 4096K, 0% used [0x00000000ec400000,0x00000000ec400000,0x00000000ec800000)
 ParOldGen       total 68608K, used 6740K [0x00000000c0000000, 0x00000000c4300000, 0x00000000eab00000)
  object space 68608K, 9% used [0x00000000c0000000,0x00000000c0695118,0x00000000c4300000)
 Metaspace       used 21073K, committed 21504K, reserved 1114112K
  class space    used 2106K, committed 2304K, reserved 1048576K
}
Event: 53.312 GC heap after
{Heap after GC invocations=5 (full 0):
 PSYoungGen      total 29696K, used 4070K [0x00000000eab00000, 0x00000000ece00000, 0x0000000100000000)
  eden space 25600K, 0% used [0x00000000eab00000,0x00000000eab00000,0x00000000ec400000)
  from space 4096K, 99% used [0x00000000ec400000,0x00000000ec7f9a80,0x00000000ec800000)
  to   space 5120K, 0% used [0x00000000ec900000,0x00000000ec900000,0x00000000ece00000)
 ParOldGen       total 68608K, used 7208K [0x00000000c0000000, 0x00000000c4300000, 0x00000000eab00000)
  object space 68608K, 10% used [0x00000000c0000000,0x00000000c070a118,0x00000000c4300000)
 Metaspace       used 21073K, committed 21504K, reserved 1114112K
  class space    used 2106K, committed 2304K, reserved 1048576K
}
Event: 53.312 GC heap before
{Heap before GC invocations=6 (full 1):
 PSYoungGen      total 29696K, used 4070K [0x00000000eab00000, 0x00000000ece00000, 0x0000000100000000)
  eden space 25600K, 0% used [0x00000000eab00000,0x00000000eab00000,0x00000000ec400000)
  from space 4096K, 99% used [0x00000000ec400000,0x00000000ec7f9a80,0x00000000ec800000)
  to   space 5120K, 0% used [0x00000000ec900000,0x00000000ec900000,0x00000000ece00000)
 ParOldGen       total 68608K, used 7208K [0x00000000c0000000, 0x00000000c4300000, 0x00000000eab00000)
  object space 68608K, 10% used [0x00000000c0000000,0x00000000c070a118,0x00000000c4300000)
 Metaspace       used 21073K, committed 21504K, reserved 1114112K
  class space    used 2106K, committed 2304K, reserved 1048576K
}
Event: 53.371 GC heap after
{Heap after GC invocations=6 (full 1):
 PSYoungGen      total 29696K, used 0K [0x00000000eab00000, 0x00000000ece00000, 0x0000000100000000)
  eden space 25600K, 0% used [0x00000000eab00000,0x00000000eab00000,0x00000000ec400000)
  from space 4096K, 0% used [0x00000000ec400000,0x00000000ec400000,0x00000000ec800000)
  to   space 5120K, 0% used [0x00000000ec900000,0x00000000ec900000,0x00000000ece00000)
 ParOldGen       total 68608K, used 10909K [0x00000000c0000000, 0x00000000c4300000, 0x00000000eab00000)
  object space 68608K, 15% used [0x00000000c0000000,0x00000000c0aa7450,0x00000000c4300000)
 Metaspace       used 21073K, committed 21504K, reserved 1114112K
  class space    used 2106K, committed 2304K, reserved 1048576K
}
Event: 54.855 GC heap before
{Heap before GC invocations=7 (full 1):
 PSYoungGen      total 29696K, used 25600K [0x00000000eab00000, 0x00000000ece00000, 0x0000000100000000)
  eden space 25600K, 100% used [0x00000000eab00000,0x00000000ec400000,0x00000000ec400000)
  from space 4096K, 0% used [0x00000000ec400000,0x00000000ec400000,0x00000000ec800000)
  to   space 5120K, 0% used [0x00000000ec900000,0x00000000ec900000,0x00000000ece00000)
 ParOldGen       total 68608K, used 10909K [0x00000000c0000000, 0x00000000c4300000, 0x00000000eab00000)
  object space 68608K, 15% used [0x00000000c0000000,0x00000000c0aa7450,0x00000000c4300000)
 Metaspace       used 24919K, committed 25472K, reserved 1114112K
  class space    used 2519K, committed 2752K, reserved 1048576K
}
Event: 54.861 GC heap after
{Heap after GC invocations=7 (full 1):
 PSYoungGen      total 26624K, used 1123K [0x00000000eab00000, 0x00000000eca80000, 0x0000000100000000)
  eden space 25088K, 0% used [0x00000000eab00000,0x00000000eab00000,0x00000000ec380000)
  from space 1536K, 73% used [0x00000000ec900000,0x00000000eca18e70,0x00000000eca80000)
  to   space 2560K, 0% used [0x00000000ec580000,0x00000000ec580000,0x00000000ec800000)
 ParOldGen       total 68608K, used 10917K [0x00000000c0000000, 0x00000000c4300000, 0x00000000eab00000)
  object space 68608K, 15% used [0x00000000c0000000,0x00000000c0aa9450,0x00000000c4300000)
 Metaspace       used 24919K, committed 25472K, reserved 1114112K
  class space    used 2519K, committed 2752K, reserved 1048576K
}
Event: 56.116 GC heap before
{Heap before GC invocations=8 (full 1):
 PSYoungGen      total 26624K, used 26211K [0x00000000eab00000, 0x00000000eca80000, 0x0000000100000000)
  eden space 25088K, 100% used [0x00000000eab00000,0x00000000ec380000,0x00000000ec380000)
  from space 1536K, 73% used [0x00000000ec900000,0x00000000eca18e70,0x00000000eca80000)
  to   space 2560K, 0% used [0x00000000ec580000,0x00000000ec580000,0x00000000ec800000)
 ParOldGen       total 68608K, used 10917K [0x00000000c0000000, 0x00000000c4300000, 0x00000000eab00000)
  object space 68608K, 15% used [0x00000000c0000000,0x00000000c0aa9450,0x00000000c4300000)
 Metaspace       used 27605K, committed 28288K, reserved 1114112K
  class space    used 2822K, committed 3136K, reserved 1048576K
}
Event: 56.121 GC heap after
{Heap after GC invocations=8 (full 1):
 PSYoungGen      total 27136K, used 2542K [0x00000000eab00000, 0x00000000eca00000, 0x0000000100000000)
  eden space 24576K, 0% used [0x00000000eab00000,0x00000000eab00000,0x00000000ec300000)
  from space 2560K, 99% used [0x00000000ec580000,0x00000000ec7fbbb0,0x00000000ec800000)
  to   space 2048K, 0% used [0x00000000ec800000,0x00000000ec800000,0x00000000eca00000)
 ParOldGen       total 68608K, used 11213K [0x00000000c0000000, 0x00000000c4300000, 0x00000000eab00000)
  object space 68608K, 16% used [0x00000000c0000000,0x00000000c0af3450,0x00000000c4300000)
 Metaspace       used 27605K, committed 28288K, reserved 1114112K
  class space    used 2822K, committed 3136K, reserved 1048576K
}
Event: 56.799 GC heap before
{Heap before GC invocations=9 (full 1):
 PSYoungGen      total 27136K, used 27118K [0x00000000eab00000, 0x00000000eca00000, 0x0000000100000000)
  eden space 24576K, 100% used [0x00000000eab00000,0x00000000ec300000,0x00000000ec300000)
  from space 2560K, 99% used [0x00000000ec580000,0x00000000ec7fbbb0,0x00000000ec800000)
  to   space 2048K, 0% used [0x00000000ec800000,0x00000000ec800000,0x00000000eca00000)
 ParOldGen       total 68608K, used 11213K [0x00000000c0000000, 0x00000000c4300000, 0x00000000eab00000)
  object space 68608K, 16% used [0x00000000c0000000,0x00000000c0af3450,0x00000000c4300000)
 Metaspace       used 29960K, committed 30592K, reserved 1114112K
  class space    used 2987K, committed 3264K, reserved 1048576K
}
Event: 56.802 GC heap after
{Heap after GC invocations=9 (full 1):
 PSYoungGen      total 26112K, used 2033K [0x00000000eab00000, 0x00000000eca00000, 0x0000000100000000)
  eden space 24064K, 0% used [0x00000000eab00000,0x00000000eab00000,0x00000000ec280000)
  from space 2048K, 99% used [0x00000000ec800000,0x00000000ec9fc6a0,0x00000000eca00000)
  to   space 3584K, 0% used [0x00000000ec300000,0x00000000ec300000,0x00000000ec680000)
 ParOldGen       total 68608K, used 12212K [0x00000000c0000000, 0x00000000c4300000, 0x00000000eab00000)
  object space 68608K, 17% used [0x00000000c0000000,0x00000000c0bed050,0x00000000c4300000)
 Metaspace       used 29960K, committed 30592K, reserved 1114112K
  class space    used 2987K, committed 3264K, reserved 1048576K
}
Event: 57.535 GC heap before
{Heap before GC invocations=10 (full 1):
 PSYoungGen      total 26112K, used 26097K [0x00000000eab00000, 0x00000000eca00000, 0x0000000100000000)
  eden space 24064K, 100% used [0x00000000eab00000,0x00000000ec280000,0x00000000ec280000)
  from space 2048K, 99% used [0x00000000ec800000,0x00000000ec9fc6a0,0x00000000eca00000)
  to   space 3584K, 0% used [0x00000000ec300000,0x00000000ec300000,0x00000000ec680000)
 ParOldGen       total 68608K, used 12212K [0x00000000c0000000, 0x00000000c4300000, 0x00000000eab00000)
  object space 68608K, 17% used [0x00000000c0000000,0x00000000c0bed050,0x00000000c4300000)
 Metaspace       used 33514K, committed 34304K, reserved 1114112K
  class space    used 3300K, committed 3648K, reserved 1048576K
}
Event: 57.538 GC heap after
{Heap after GC invocations=10 (full 1):
 PSYoungGen      total 25600K, used 1828K [0x00000000eab00000, 0x00000000ec880000, 0x0000000100000000)
  eden space 23552K, 0% used [0x00000000eab00000,0x00000000eab00000,0x00000000ec200000)
  from space 2048K, 89% used [0x00000000ec300000,0x00000000ec4c9318,0x00000000ec500000)
  to   space 2560K, 0% used [0x00000000ec600000,0x00000000ec600000,0x00000000ec880000)
 ParOldGen       total 68608K, used 12811K [0x00000000c0000000, 0x00000000c4300000, 0x00000000eab00000)
  object space 68608K, 18% used [0x00000000c0000000,0x00000000c0c82d80,0x00000000c4300000)
 Metaspace       used 33514K, committed 34304K, reserved 1114112K
  class space    used 3300K, committed 3648K, reserved 1048576K
}
Event: 58.262 GC heap before
{Heap before GC invocations=11 (full 1):
 PSYoungGen      total 25600K, used 25380K [0x00000000eab00000, 0x00000000ec880000, 0x0000000100000000)
  eden space 23552K, 100% used [0x00000000eab00000,0x00000000ec200000,0x00000000ec200000)
  from space 2048K, 89% used [0x00000000ec300000,0x00000000ec4c9318,0x00000000ec500000)
  to   space 2560K, 0% used [0x00000000ec600000,0x00000000ec600000,0x00000000ec880000)
 ParOldGen       total 68608K, used 12811K [0x00000000c0000000, 0x00000000c4300000, 0x00000000eab00000)
  object space 68608K, 18% used [0x00000000c0000000,0x00000000c0c82d80,0x00000000c4300000)
 Metaspace       used 34912K, committed 35712K, reserved 1114112K
  class space    used 3442K, committed 3776K, reserved 1048576K
}
Event: 58.269 GC heap after
{Heap after GC invocations=11 (full 1):
 PSYoungGen      total 25600K, used 2549K [0x00000000eab00000, 0x00000000eca80000, 0x0000000100000000)
  eden space 23040K, 0% used [0x00000000eab00000,0x00000000eab00000,0x00000000ec180000)
  from space 2560K, 99% used [0x00000000ec600000,0x00000000ec87d768,0x00000000ec880000)
  to   space 4608K, 0% used [0x00000000ec180000,0x00000000ec180000,0x00000000ec600000)
 ParOldGen       total 68608K, used 14279K [0x00000000c0000000, 0x00000000c4300000, 0x00000000eab00000)
  object space 68608K, 20% used [0x00000000c0000000,0x00000000c0df1d80,0x00000000c4300000)
 Metaspace       used 34912K, committed 35712K, reserved 1114112K
  class space    used 3442K, committed 3776K, reserved 1048576K
}
Event: 58.338 GC heap before
{Heap before GC invocations=12 (full 1):
 PSYoungGen      total 25600K, used 4251K [0x00000000eab00000, 0x00000000eca80000, 0x0000000100000000)
  eden space 23040K, 7% used [0x00000000eab00000,0x00000000eaca96c8,0x00000000ec180000)
  from space 2560K, 99% used [0x00000000ec600000,0x00000000ec87d768,0x00000000ec880000)
  to   space 4608K, 0% used [0x00000000ec180000,0x00000000ec180000,0x00000000ec600000)
 ParOldGen       total 68608K, used 14279K [0x00000000c0000000, 0x00000000c4300000, 0x00000000eab00000)
  object space 68608K, 20% used [0x00000000c0000000,0x00000000c0df1d80,0x00000000c4300000)
 Metaspace       used 35058K, committed 35840K, reserved 1114112K
  class space    used 3455K, committed 3776K, reserved 1048576K
}
Event: 58.341 GC heap after
{Heap after GC invocations=12 (full 1):
 PSYoungGen      total 23552K, used 376K [0x00000000eab00000, 0x00000000ec680000, 0x0000000100000000)
  eden space 23040K, 0% used [0x00000000eab00000,0x00000000eab00000,0x00000000ec180000)
  from space 512K, 73% used [0x00000000ec180000,0x00000000ec1de358,0x00000000ec200000)
  to   space 2048K, 0% used [0x00000000ec480000,0x00000000ec480000,0x00000000ec680000)
 ParOldGen       total 68608K, used 16620K [0x00000000c0000000, 0x00000000c4300000, 0x00000000eab00000)
  object space 68608K, 24% used [0x00000000c0000000,0x00000000c103b130,0x00000000c4300000)
 Metaspace       used 35058K, committed 35840K, reserved 1114112K
  class space    used 3455K, committed 3776K, reserved 1048576K
}
Event: 58.341 GC heap before
{Heap before GC invocations=13 (full 2):
 PSYoungGen      total 23552K, used 376K [0x00000000eab00000, 0x00000000ec680000, 0x0000000100000000)
  eden space 23040K, 0% used [0x00000000eab00000,0x00000000eab00000,0x00000000ec180000)
  from space 512K, 73% used [0x00000000ec180000,0x00000000ec1de358,0x00000000ec200000)
  to   space 2048K, 0% used [0x00000000ec480000,0x00000000ec480000,0x00000000ec680000)
 ParOldGen       total 68608K, used 16620K [0x00000000c0000000, 0x00000000c4300000, 0x00000000eab00000)
  object space 68608K, 24% used [0x00000000c0000000,0x00000000c103b130,0x00000000c4300000)
 Metaspace       used 35058K, committed 35840K, reserved 1114112K
  class space    used 3455K, committed 3776K, reserved 1048576K
}
Event: 58.406 GC heap after
{Heap after GC invocations=13 (full 2):
 PSYoungGen      total 23552K, used 0K [0x00000000eab00000, 0x00000000ec680000, 0x0000000100000000)
  eden space 23040K, 0% used [0x00000000eab00000,0x00000000eab00000,0x00000000ec180000)
  from space 512K, 0% used [0x00000000ec180000,0x00000000ec180000,0x00000000ec200000)
  to   space 2048K, 0% used [0x00000000ec480000,0x00000000ec480000,0x00000000ec680000)
 ParOldGen       total 68608K, used 15331K [0x00000000c0000000, 0x00000000c4300000, 0x00000000eab00000)
  object space 68608K, 22% used [0x00000000c0000000,0x00000000c0ef8ca8,0x00000000c4300000)
 Metaspace       used 35034K, committed 35840K, reserved 1114112K
  class space    used 3449K, committed 3776K, reserved 1048576K
}

Dll operation events (10 events):
Event: 0.058 Loaded shared library c:\Users\dell\.vscode\extensions\redhat.java-1.36.0-win32-x64\jre\17.0.13-win32-x86_64\bin\java.dll
Event: 0.882 Loaded shared library c:\Users\dell\.vscode\extensions\redhat.java-1.36.0-win32-x64\jre\17.0.13-win32-x86_64\bin\zip.dll
Event: 0.887 Loaded shared library C:\Users\dell\.vscode\extensions\redhat.java-1.36.0-win32-x64\jre\17.0.13-win32-x86_64\bin\instrument.dll
Event: 0.958 Loaded shared library C:\Users\dell\.vscode\extensions\redhat.java-1.36.0-win32-x64\jre\17.0.13-win32-x86_64\bin\net.dll
Event: 0.962 Loaded shared library C:\Users\dell\.vscode\extensions\redhat.java-1.36.0-win32-x64\jre\17.0.13-win32-x86_64\bin\nio.dll
Event: 0.983 Loaded shared library C:\Users\dell\.vscode\extensions\redhat.java-1.36.0-win32-x64\jre\17.0.13-win32-x86_64\bin\zip.dll
Event: 1.024 Loaded shared library C:\Users\dell\.vscode\extensions\redhat.java-1.36.0-win32-x64\jre\17.0.13-win32-x86_64\bin\jimage.dll
Event: 1.226 Loaded shared library c:\Users\dell\.vscode\extensions\redhat.java-1.36.0-win32-x64\jre\17.0.13-win32-x86_64\bin\verify.dll
Event: 23.166 Loaded shared library C:\Users\dell\AppData\Roaming\Code\User\globalStorage\redhat.java\1.36.0\config_win\org.eclipse.equinox.launcher\org.eclipse.equinox.launcher.win32.win32.x86_64_1.2.1100.v20240722-2106\eclipse_11904.dll
Event: 54.442 Loaded shared library C:\Users\dell\AppData\Local\Temp\jna-3079617\jna5860711768305516169.dll

Deoptimization events (20 events):
Event: 58.211 Thread 0x0000018c733dcf70 DEOPT PACKING pc=0x0000018c5c77a013 sp=0x00000027cb0f4ae0
Event: 58.211 Thread 0x0000018c733dcf70 DEOPT UNPACKING pc=0x0000018c63c16e43 sp=0x00000027cb0f4000 mode 0
Event: 58.603 Thread 0x0000018c733dcf70 Uncommon trap: trap_request=0xffffff45 fr.pc=0x0000018c6429e558 relative=0x0000000000001038
Event: 58.603 Thread 0x0000018c733dcf70 Uncommon trap: reason=unstable_if action=reinterpret pc=0x0000018c6429e558 method=java.util.Properties.loadConvert([CIILjava/lang/StringBuilder;)Ljava/lang/String; @ 463 c2
Event: 58.603 Thread 0x0000018c733dcf70 DEOPT PACKING pc=0x0000018c6429e558 sp=0x00000027cb0f8010
Event: 58.603 Thread 0x0000018c733dcf70 DEOPT UNPACKING pc=0x0000018c63c166a3 sp=0x00000027cb0f7ff0 mode 2
Event: 58.621 Thread 0x0000018c733dcf70 Uncommon trap: trap_request=0xffffffc6 fr.pc=0x0000018c642487f4 relative=0x0000000000000a54
Event: 58.621 Thread 0x0000018c733dcf70 Uncommon trap: reason=bimorphic_or_optimized_type_check action=maybe_recompile pc=0x0000018c642487f4 method=java.util.HashMap.putVal(ILjava/lang/Object;Ljava/lang/Object;ZZ)Ljava/lang/Object; @ 56 c2
Event: 58.621 Thread 0x0000018c733dcf70 DEOPT PACKING pc=0x0000018c642487f4 sp=0x00000027cb0f99e0
Event: 58.622 Thread 0x0000018c733dcf70 DEOPT UNPACKING pc=0x0000018c63c166a3 sp=0x00000027cb0f9938 mode 2
Event: 58.638 Thread 0x0000018c733dcf70 Uncommon trap: trap_request=0xffffffc6 fr.pc=0x0000018c64248820 relative=0x0000000000000a80
Event: 58.638 Thread 0x0000018c733dcf70 Uncommon trap: reason=bimorphic_or_optimized_type_check action=maybe_recompile pc=0x0000018c64248820 method=java.util.HashMap.putVal(ILjava/lang/Object;Ljava/lang/Object;ZZ)Ljava/lang/Object; @ 253 c2
Event: 58.638 Thread 0x0000018c733dcf70 DEOPT PACKING pc=0x0000018c64248820 sp=0x00000027cb0f9930
Event: 58.638 Thread 0x0000018c733dcf70 DEOPT UNPACKING pc=0x0000018c63c166a3 sp=0x00000027cb0f98b0 mode 2
Event: 58.674 Thread 0x0000018c733dcf70 Uncommon trap: trap_request=0xffffff45 fr.pc=0x0000018c6427987c relative=0x000000000000007c
Event: 58.674 Thread 0x0000018c733dcf70 Uncommon trap: reason=unstable_if action=reinterpret pc=0x0000018c6427987c method=com.sun.org.apache.xerces.internal.impl.XMLEntityScanner.checkBeforeLoad(Lcom/sun/xml/internal/stream/Entity$ScannedEntity;II)I @ 18 c2
Event: 58.674 Thread 0x0000018c733dcf70 DEOPT PACKING pc=0x0000018c6427987c sp=0x00000027cb0f96d0
Event: 58.674 Thread 0x0000018c733dcf70 DEOPT UNPACKING pc=0x0000018c63c166a3 sp=0x00000027cb0f9660 mode 2
Event: 58.872 Thread 0x0000018c733dcf70 DEOPT PACKING pc=0x0000018c5cad640c sp=0x00000027cb0fab40
Event: 58.872 Thread 0x0000018c733dcf70 DEOPT UNPACKING pc=0x0000018c63c16e43 sp=0x00000027cb0fa090 mode 0

Classes loaded (20 events):
Event: 58.813 Loading class java/util/stream/Nodes$EmptyNode$OfDouble
Event: 58.813 Loading class java/util/stream/Node$OfDouble
Event: 58.814 Loading class java/util/stream/Node$OfDouble done
Event: 58.814 Loading class java/util/stream/Nodes$EmptyNode$OfDouble done
Event: 58.814 Loading class java/util/stream/Nodes$FixedNodeBuilder
Event: 58.816 Loading class java/util/stream/Node$Builder
Event: 58.816 Loading class java/util/stream/Node$Builder done
Event: 58.816 Loading class java/util/stream/Nodes$ArrayNode
Event: 58.816 Loading class java/util/stream/Nodes$ArrayNode done
Event: 58.816 Loading class java/util/stream/Nodes$FixedNodeBuilder done
Event: 58.875 Loading class java/net/Authenticator
Event: 58.875 Loading class java/net/Authenticator done
Event: 58.942 Loading class java/net/SocketAddress
Event: 58.942 Loading class java/net/SocketAddress done
Event: 58.942 Loading class java/net/InetSocketAddress
Event: 58.943 Loading class java/net/InetSocketAddress done
Event: 58.943 Loading class java/nio/channels/AsynchronousByteChannel
Event: 58.943 Loading class java/nio/channels/AsynchronousChannel
Event: 58.943 Loading class java/nio/channels/AsynchronousChannel done
Event: 58.943 Loading class java/nio/channels/AsynchronousByteChannel done

Classes unloaded (13 events):
Event: 58.354 Thread 0x0000018c59aaec50 Unloading class 0x000000010036c000 'java/lang/invoke/LambdaForm$MH+0x000000010036c000'
Event: 58.354 Thread 0x0000018c59aaec50 Unloading class 0x000000010036b800 'java/lang/invoke/LambdaForm$MH+0x000000010036b800'
Event: 58.354 Thread 0x0000018c59aaec50 Unloading class 0x000000010036b400 'java/lang/invoke/LambdaForm$DMH+0x000000010036b400'
Event: 58.354 Thread 0x0000018c59aaec50 Unloading class 0x0000000100365c00 'java/lang/invoke/LambdaForm$MH+0x0000000100365c00'
Event: 58.354 Thread 0x0000018c59aaec50 Unloading class 0x0000000100365400 'java/lang/invoke/LambdaForm$MH+0x0000000100365400'
Event: 58.354 Thread 0x0000018c59aaec50 Unloading class 0x0000000100364800 'java/lang/invoke/LambdaForm$MH+0x0000000100364800'
Event: 58.354 Thread 0x0000018c59aaec50 Unloading class 0x0000000100252000 'java/lang/invoke/LambdaForm$MH+0x0000000100252000'
Event: 58.354 Thread 0x0000018c59aaec50 Unloading class 0x0000000100251c00 'java/lang/invoke/LambdaForm$MH+0x0000000100251c00'
Event: 58.354 Thread 0x0000018c59aaec50 Unloading class 0x0000000100251800 'java/lang/invoke/LambdaForm$MH+0x0000000100251800'
Event: 58.354 Thread 0x0000018c59aaec50 Unloading class 0x0000000100251400 'java/lang/invoke/LambdaForm$MH+0x0000000100251400'
Event: 58.354 Thread 0x0000018c59aaec50 Unloading class 0x0000000100251000 'java/lang/invoke/LambdaForm$BMH+0x0000000100251000'
Event: 58.354 Thread 0x0000018c59aaec50 Unloading class 0x0000000100250c00 'java/lang/invoke/LambdaForm$DMH+0x0000000100250c00'
Event: 58.354 Thread 0x0000018c59aaec50 Unloading class 0x000000010024c400 'java/lang/invoke/LambdaForm$DMH+0x000000010024c400'

Classes redefined (0 events):
No events

Internal exceptions (20 events):
Event: 57.207 Thread 0x0000018c7335d320 Exception <a 'java/lang/NoSuchMethodError'{0x00000000eb813620}: 'java.lang.Object java.lang.invoke.DirectMethodHandle$Holder.invokeSpecial(java.lang.Object, java.lang.Object, java.lang.Object, java.lang.Object, java.lang.Object, java.lang.Object, java.lang.Object, java.lang.Object, java.lang.Object)'> (0x00000000eb813620) 
thrown [s\src\hotspot\share\interpreter\linkResolver.cpp, line 759]
Event: 57.208 Thread 0x0000018c7335d320 Exception <a 'java/lang/NoSuchMethodError'{0x00000000eb8182c0}: 'java.lang.Object java.lang.invoke.Invokers$Holder.invoke_MT(java.lang.Object, java.lang.Object, java.lang.Object, java.lang.Object, java.lang.Object, java.lang.Object, java.lang.Object, java.lang.Object, java.lang.Object)'> (0x00000000eb8182c0) 
thrown [s\src\hotspot\share\interpreter\linkResolver.cpp, line 759]
Event: 57.249 Thread 0x0000018c7335d320 Exception <a 'java/lang/NoSuchMethodError'{0x00000000eb866ab8}: 'int java.lang.invoke.DirectMethodHandle$Holder.invokeVirtual(java.lang.Object, java.lang.Object, java.lang.Object)'> (0x00000000eb866ab8) 
thrown [s\src\hotspot\share\interpreter\linkResolver.cpp, line 759]
Event: 57.250 Thread 0x0000018c7335d320 Exception <a 'java/lang/NoSuchMethodError'{0x00000000eb8d65a8}: 'int java.lang.invoke.DirectMethodHandle$Holder.invokeVirtual(java.lang.Object, java.lang.Object)'> (0x00000000eb8d65a8) 
thrown [s\src\hotspot\share\interpreter\linkResolver.cpp, line 759]
Event: 57.250 Thread 0x0000018c7335d320 Exception <a 'java/lang/NoSuchMethodError'{0x00000000eb8da840}: 'int java.lang.invoke.DirectMethodHandle$Holder.invokeStaticInit(java.lang.Object, int, int)'> (0x00000000eb8da840) 
thrown [s\src\hotspot\share\interpreter\linkResolver.cpp, line 759]
Event: 57.251 Thread 0x0000018c7335d320 Exception <a 'java/lang/NoSuchMethodError'{0x00000000eb8e22a0}: 'int java.lang.invoke.DirectMethodHandle$Holder.invokeStaticInit(java.lang.Object, long, long)'> (0x00000000eb8e22a0) 
thrown [s\src\hotspot\share\interpreter\linkResolver.cpp, line 759]
Event: 57.252 Thread 0x0000018c7335d320 Exception <a 'java/lang/NoSuchMethodError'{0x00000000eb8e9540}: 'int java.lang.invoke.DirectMethodHandle$Holder.invokeStaticInit(java.lang.Object, float, float)'> (0x00000000eb8e9540) 
thrown [s\src\hotspot\share\interpreter\linkResolver.cpp, line 759]
Event: 57.258 Thread 0x0000018c7335d320 Exception <a 'java/lang/NoSuchMethodError'{0x00000000eb8f05d8}: 'int java.lang.invoke.DirectMethodHandle$Holder.invokeStaticInit(java.lang.Object, double, double)'> (0x00000000eb8f05d8) 
thrown [s\src\hotspot\share\interpreter\linkResolver.cpp, line 759]
Event: 57.259 Thread 0x0000018c7335d320 Exception <a 'java/lang/NoSuchMethodError'{0x00000000eb8f4be0}: 'int java.lang.invoke.DirectMethodHandle$Holder.invokeStatic(java.lang.Object, long)'> (0x00000000eb8f4be0) 
thrown [s\src\hotspot\share\interpreter\linkResolver.cpp, line 759]
Event: 57.269 Thread 0x0000018c7335d320 Exception <a 'java/lang/NoSuchMethodError'{0x00000000eb9a7550}: 'int java.lang.invoke.Invokers$Holder.linkToTargetMethod(java.lang.Object, java.lang.Object)'> (0x00000000eb9a7550) 
thrown [s\src\hotspot\share\interpreter\linkResolver.cpp, line 759]
Event: 57.276 Thread 0x0000018c7335aaa0 Exception <a 'java/lang/NoSuchMethodError'{0x00000000eb9b8520}: 'int java.lang.invoke.DirectMethodHandle$Holder.invokeSpecial(java.lang.Object, java.lang.Object, java.lang.Object, java.lang.Object)'> (0x00000000eb9b8520) 
thrown [s\src\hotspot\share\interpreter\linkResolver.cpp, line 759]
Event: 57.291 Thread 0x0000018c7335aaa0 Exception <a 'java/lang/NoSuchMethodError'{0x00000000eba07cf0}: 'java.lang.Object java.lang.invoke.DirectMethodHandle$Holder.invokeStatic(java.lang.Object, int, java.lang.Object, java.lang.Object)'> (0x00000000eba07cf0) 
thrown [s\src\hotspot\share\interpreter\linkResolver.cpp, line 759]
Event: 57.291 Thread 0x0000018c7335aaa0 Exception <a 'java/lang/NoSuchMethodError'{0x00000000eba0b7a8}: 'java.lang.Object java.lang.invoke.DelegatingMethodHandle$Holder.delegate(java.lang.Object, int, java.lang.Object, java.lang.Object)'> (0x00000000eba0b7a8) 
thrown [s\src\hotspot\share\interpreter\linkResolver.cpp, line 759]
Event: 57.302 Thread 0x0000018c7335aaa0 Exception <a 'java/lang/NoSuchMethodError'{0x00000000ebac97b8}: 'int java.lang.invoke.Invokers$Holder.linkToTargetMethod(java.lang.Object, java.lang.Object, java.lang.Object)'> (0x00000000ebac97b8) 
thrown [s\src\hotspot\share\interpreter\linkResolver.cpp, line 759]
Event: 57.473 Thread 0x0000018c7335d320 Exception <a 'java/lang/NoSuchMethodError'{0x00000000ec202db0}: 'java.lang.Object java.lang.invoke.DirectMethodHandle$Holder.invokeSpecialIFC(java.lang.Object, java.lang.Object, java.lang.Object, java.lang.Object)'> (0x00000000ec202db0) 
thrown [s\src\hotspot\share\interpreter\linkResolver.cpp, line 759]
Event: 57.959 Thread 0x0000018c733dcf70 Exception <a 'java/io/FileNotFoundException'{0x00000000ebc0b4d8}> (0x00000000ebc0b4d8) 
thrown [s\src\hotspot\share\prims\jni.cpp, line 516]
Event: 58.711 Thread 0x0000018c7335d320 Exception <a 'java/lang/NoSuchMethodError'{0x00000000eb1f6e38}: 'int java.lang.invoke.DirectMethodHandle$Holder.invokeStatic(java.lang.Object, java.lang.Object, java.lang.Object, java.lang.Object, java.lang.Object)'> (0x00000000eb1f6e38) 
thrown [s\src\hotspot\share\interpreter\linkResolver.cpp, line 759]
Event: 58.726 Thread 0x0000018c733dcf70 Exception <a 'java/lang/ClassNotFoundException'{0x00000000eb1b2320}: com/sun/org/apache/xerces/internal/impl/msg/spi/DOMMessagesProvider> (0x00000000eb1b2320) 
thrown [s\src\hotspot\share\classfile\systemDictionary.cpp, line 256]
Event: 58.730 Thread 0x0000018c733dcf70 Exception <a 'java/lang/ClassNotFoundException'{0x00000000eb26a4f8}: com/sun/org/apache/xerces/internal/impl/msg/spi/XMLSerializerMessagesProvider> (0x00000000eb26a4f8) 
thrown [s\src\hotspot\share\classfile\systemDictionary.cpp, line 256]
Event: 58.736 Thread 0x0000018c733dcf70 Exception <a 'java/lang/ClassNotFoundException'{0x00000000eb2777d0}: com/sun/org/apache/xerces/internal/impl/msg/spi/XMLMessagesProvider> (0x00000000eb2777d0) 
thrown [s\src\hotspot\share\classfile\systemDictionary.cpp, line 256]

VM Operations (20 events):
Event: 55.952 Executing VM operation: HandshakeAllThreads
Event: 55.952 Executing VM operation: HandshakeAllThreads done
Event: 55.952 Executing VM operation: Cleanup
Event: 55.952 Executing VM operation: Cleanup done
Event: 56.116 Executing VM operation: ParallelGCFailedAllocation
Event: 56.121 Executing VM operation: ParallelGCFailedAllocation done
Event: 56.799 Executing VM operation: ParallelGCFailedAllocation
Event: 56.802 Executing VM operation: ParallelGCFailedAllocation done
Event: 57.281 Executing VM operation: HandshakeAllThreads
Event: 57.286 Executing VM operation: HandshakeAllThreads done
Event: 57.292 Executing VM operation: HandshakeAllThreads
Event: 57.293 Executing VM operation: HandshakeAllThreads done
Event: 57.528 Executing VM operation: ParallelGCFailedAllocation
Event: 57.539 Executing VM operation: ParallelGCFailedAllocation done
Event: 58.262 Executing VM operation: ParallelGCFailedAllocation
Event: 58.269 Executing VM operation: ParallelGCFailedAllocation done
Event: 58.320 Executing VM operation: CollectForMetadataAllocation
Event: 58.406 Executing VM operation: CollectForMetadataAllocation done
Event: 58.589 Executing VM operation: HandshakeAllThreads
Event: 58.589 Executing VM operation: HandshakeAllThreads done

Memory protections (0 events):
No events

Nmethod flushes (0 events):
No events

Events (20 events):
Event: 23.490 Thread 0x0000018c72bdb9a0 Thread exited: 0x0000018c72bdb9a0
Event: 24.017 Thread 0x0000018c72aca430 Thread added: 0x0000018c72f1ef50
Event: 24.435 Thread 0x0000018c72f1ef50 Thread exited: 0x0000018c72f1ef50
Event: 30.644 Thread 0x0000018c72aca430 Thread added: 0x0000018c737ea8a0
Event: 31.139 Thread 0x0000018c737ea8a0 Thread exited: 0x0000018c737ea8a0
Event: 31.186 Thread 0x0000018c733dcf70 Thread added: 0x0000018c737ea8a0
Event: 36.138 Thread 0x0000018c72aca430 Thread added: 0x0000018c72cae5c0
Event: 36.500 Thread 0x0000018c72cae5c0 Thread exited: 0x0000018c72cae5c0
Event: 52.009 Thread 0x0000018c733dcf70 Thread added: 0x0000018c7335d830
Event: 52.235 Thread 0x0000018c733dcf70 Thread added: 0x0000018c7335ce10
Event: 53.279 Thread 0x0000018c733dcf70 Thread added: 0x0000018c7335c900
Event: 54.499 Thread 0x0000018c733dcf70 Thread added: 0x0000018c7335a590
Event: 54.583 Thread 0x0000018c733dcf70 Thread added: 0x0000018c7335d320
Event: 54.632 Thread 0x0000018c733dcf70 Thread added: 0x0000018c7335aaa0
Event: 56.307 Thread 0x0000018c72aca430 Thread added: 0x0000018c73e1b050
Event: 56.772 Thread 0x0000018c73e1b050 Thread exited: 0x0000018c73e1b050
Event: 57.210 Thread 0x0000018c7335aaa0 Thread added: 0x0000018c7335afb0
Event: 57.348 Thread 0x0000018c72aca430 Thread added: 0x0000018c74280060
Event: 57.375 Thread 0x0000018c7335afb0 Thread added: 0x0000018c7335b4c0
Event: 58.872 Thread 0x0000018c733dcf70 Thread added: 0x0000018c7335bee0


Dynamic libraries:
0x00007ff6885a0000 - 0x00007ff6885ae000 	c:\Users\dell\.vscode\extensions\redhat.java-1.36.0-win32-x64\jre\17.0.13-win32-x86_64\bin\java.exe
0x00007fff80db0000 - 0x00007fff80fa8000 	C:\WINDOWS\SYSTEM32\ntdll.dll
0x00007fff7f9e0000 - 0x00007fff7faa2000 	C:\WINDOWS\System32\KERNEL32.DLL
0x00007fff7e8e0000 - 0x00007fff7ebde000 	C:\WINDOWS\System32\KERNELBASE.dll
0x00007fff7e450000 - 0x00007fff7e550000 	C:\WINDOWS\System32\ucrtbase.dll
0x00007fff733b0000 - 0x00007fff733c7000 	c:\Users\dell\.vscode\extensions\redhat.java-1.36.0-win32-x64\jre\17.0.13-win32-x86_64\bin\jli.dll
0x00007fff7fab0000 - 0x00007fff7fc4d000 	C:\WINDOWS\System32\USER32.dll
0x00007fff7e630000 - 0x00007fff7e652000 	C:\WINDOWS\System32\win32u.dll
0x00007fff80c10000 - 0x00007fff80c3b000 	C:\WINDOWS\System32\GDI32.dll
0x00007fff7ec10000 - 0x00007fff7ed27000 	C:\WINDOWS\System32\gdi32full.dll
0x00007fff7ed30000 - 0x00007fff7edcd000 	C:\WINDOWS\System32\msvcp_win.dll
0x00007fff716c0000 - 0x00007fff716de000 	c:\Users\dell\.vscode\extensions\redhat.java-1.36.0-win32-x64\jre\17.0.13-win32-x86_64\bin\VCRUNTIME140.dll
0x00007fff63560000 - 0x00007fff637fa000 	C:\WINDOWS\WinSxS\amd64_microsoft.windows.common-controls_6595b64144ccf1df_6.0.19041.4355_none_60b8b9eb71f62e16\COMCTL32.dll
0x00007fff7fd00000 - 0x00007fff7fd9e000 	C:\WINDOWS\System32\msvcrt.dll
0x00007fff80a20000 - 0x00007fff80a4f000 	C:\WINDOWS\System32\IMM32.DLL
0x00007fff77dc0000 - 0x00007fff77dcc000 	c:\Users\dell\.vscode\extensions\redhat.java-1.36.0-win32-x64\jre\17.0.13-win32-x86_64\bin\vcruntime140_1.dll
0x00007fff52800000 - 0x00007fff5288d000 	c:\Users\dell\.vscode\extensions\redhat.java-1.36.0-win32-x64\jre\17.0.13-win32-x86_64\bin\msvcp140.dll
0x00007fff215d0000 - 0x00007fff2223b000 	c:\Users\dell\.vscode\extensions\redhat.java-1.36.0-win32-x64\jre\17.0.13-win32-x86_64\bin\server\jvm.dll
0x00007fff7f340000 - 0x00007fff7f3f1000 	C:\WINDOWS\System32\ADVAPI32.dll
0x00007fff7f400000 - 0x00007fff7f49f000 	C:\WINDOWS\System32\sechost.dll
0x00007fff80a50000 - 0x00007fff80b73000 	C:\WINDOWS\System32\RPCRT4.dll
0x00007fff7ebe0000 - 0x00007fff7ec07000 	C:\WINDOWS\System32\bcrypt.dll
0x00007fff809b0000 - 0x00007fff80a1b000 	C:\WINDOWS\System32\WS2_32.dll
0x00007fff7e2a0000 - 0x00007fff7e2eb000 	C:\WINDOWS\SYSTEM32\POWRPROF.dll
0x00007fff696e0000 - 0x00007fff69707000 	C:\WINDOWS\SYSTEM32\WINMM.dll
0x00007fff760b0000 - 0x00007fff760ba000 	C:\WINDOWS\SYSTEM32\VERSION.dll
0x00007fff7e280000 - 0x00007fff7e292000 	C:\WINDOWS\SYSTEM32\UMPDC.dll
0x00007fff7cc30000 - 0x00007fff7cc42000 	C:\WINDOWS\SYSTEM32\kernel.appcore.dll
0x00007fff75cc0000 - 0x00007fff75cca000 	c:\Users\dell\.vscode\extensions\redhat.java-1.36.0-win32-x64\jre\17.0.13-win32-x86_64\bin\jimage.dll
0x00007fff7c180000 - 0x00007fff7c364000 	C:\WINDOWS\SYSTEM32\DBGHELP.DLL
0x00007fff690e0000 - 0x00007fff69114000 	C:\WINDOWS\SYSTEM32\dbgcore.DLL
0x00007fff7e5a0000 - 0x00007fff7e622000 	C:\WINDOWS\System32\bcryptPrimitives.dll
0x00007fff75bb0000 - 0x00007fff75bbe000 	c:\Users\dell\.vscode\extensions\redhat.java-1.36.0-win32-x64\jre\17.0.13-win32-x86_64\bin\instrument.dll
0x00007fff6c440000 - 0x00007fff6c465000 	c:\Users\dell\.vscode\extensions\redhat.java-1.36.0-win32-x64\jre\17.0.13-win32-x86_64\bin\java.dll
0x00007fff6c660000 - 0x00007fff6c678000 	c:\Users\dell\.vscode\extensions\redhat.java-1.36.0-win32-x64\jre\17.0.13-win32-x86_64\bin\zip.dll
0x00007fff80060000 - 0x00007fff807cd000 	C:\WINDOWS\System32\SHELL32.dll
0x00007fff7c470000 - 0x00007fff7cc14000 	C:\WINDOWS\SYSTEM32\windows.storage.dll
0x00007fff7efe0000 - 0x00007fff7f333000 	C:\WINDOWS\System32\combase.dll
0x00007fff7ddb0000 - 0x00007fff7ddde000 	C:\WINDOWS\SYSTEM32\Wldp.dll
0x00007fff80c40000 - 0x00007fff80d0d000 	C:\WINDOWS\System32\OLEAUT32.dll
0x00007fff7ffa0000 - 0x00007fff8004d000 	C:\WINDOWS\System32\SHCORE.dll
0x00007fff80d10000 - 0x00007fff80d65000 	C:\WINDOWS\System32\shlwapi.dll
0x00007fff7e380000 - 0x00007fff7e3a4000 	C:\WINDOWS\SYSTEM32\profapi.dll
0x00007fff75d20000 - 0x00007fff75d39000 	C:\Users\dell\.vscode\extensions\redhat.java-1.36.0-win32-x64\jre\17.0.13-win32-x86_64\bin\net.dll
0x00007fff76100000 - 0x00007fff7620d000 	C:\WINDOWS\SYSTEM32\WINHTTP.dll
0x00007fff7dac0000 - 0x00007fff7db2a000 	C:\WINDOWS\system32\mswsock.dll
0x00007fff75d00000 - 0x00007fff75d16000 	C:\Users\dell\.vscode\extensions\redhat.java-1.36.0-win32-x64\jre\17.0.13-win32-x86_64\bin\nio.dll
0x00007fff75d50000 - 0x00007fff75d60000 	c:\Users\dell\.vscode\extensions\redhat.java-1.36.0-win32-x64\jre\17.0.13-win32-x86_64\bin\verify.dll
0x00007fff56590000 - 0x00007fff565d5000 	C:\Users\dell\AppData\Roaming\Code\User\globalStorage\redhat.java\1.36.0\config_win\org.eclipse.equinox.launcher\org.eclipse.equinox.launcher.win32.win32.x86_64_1.2.1100.v20240722-2106\eclipse_11904.dll
0x00007fff7eeb0000 - 0x00007fff7efdb000 	C:\WINDOWS\System32\ole32.dll
0x00007fff7dce0000 - 0x00007fff7dcf8000 	C:\WINDOWS\SYSTEM32\CRYPTSP.dll
0x00007fff7d3f0000 - 0x00007fff7d424000 	C:\WINDOWS\system32\rsaenh.dll
0x00007fff7e340000 - 0x00007fff7e36e000 	C:\WINDOWS\SYSTEM32\USERENV.dll
0x00007fff7dd00000 - 0x00007fff7dd0c000 	C:\WINDOWS\SYSTEM32\CRYPTBASE.dll
0x00007fff7d7c0000 - 0x00007fff7d7fb000 	C:\WINDOWS\SYSTEM32\IPHLPAPI.DLL
0x00007fff80050000 - 0x00007fff80058000 	C:\WINDOWS\System32\NSI.dll
0x00007fff76670000 - 0x00007fff76687000 	C:\WINDOWS\SYSTEM32\dhcpcsvc6.DLL
0x00007fff76b10000 - 0x00007fff76b2d000 	C:\WINDOWS\SYSTEM32\dhcpcsvc.DLL
0x00007fff7d800000 - 0x00007fff7d8ca000 	C:\WINDOWS\SYSTEM32\DNSAPI.dll
0x00007fff6c480000 - 0x00007fff6c4c9000 	C:\Users\dell\AppData\Local\Temp\jna-3079617\jna5860711768305516169.dll
0x00007fff7f970000 - 0x00007fff7f978000 	C:\WINDOWS\System32\PSAPI.DLL

dbghelp: loaded successfully - version: 4.0.5 - missing functions: none
symbol engine: initialized successfully - sym options: 0x614 - pdb path: .;c:\Users\dell\.vscode\extensions\redhat.java-1.36.0-win32-x64\jre\17.0.13-win32-x86_64\bin;C:\WINDOWS\SYSTEM32;C:\WINDOWS\WinSxS\amd64_microsoft.windows.common-controls_6595b64144ccf1df_6.0.19041.4355_none_60b8b9eb71f62e16;c:\Users\dell\.vscode\extensions\redhat.java-1.36.0-win32-x64\jre\17.0.13-win32-x86_64\bin\server;C:\Users\dell\AppData\Roaming\Code\User\globalStorage\redhat.java\1.36.0\config_win\org.eclipse.equinox.launcher\org.eclipse.equinox.launcher.win32.win32.x86_64_1.2.1100.v20240722-2106;C:\Users\dell\AppData\Local\Temp\jna-3079617

VM Arguments:
jvm_args: --add-modules=ALL-SYSTEM --add-opens=java.base/java.util=ALL-UNNAMED --add-opens=java.base/java.lang=ALL-UNNAMED --add-opens=java.base/sun.nio.fs=ALL-UNNAMED -Declipse.application=org.eclipse.jdt.ls.core.id1 -Dosgi.bundles.defaultStartLevel=4 -Declipse.product=org.eclipse.jdt.ls.core.product -Djava.import.generatesMetadataFilesAtProjectRoot=false -DDetectVMInstallationsJob.disabled=true -Dfile.encoding=utf8 -XX:+UseParallelGC -XX:GCTimeRatio=4 -XX:AdaptiveSizePolicyWeight=90 -Dsun.zip.disableMemoryMapping=true -Xmx1G -Xms100m -Xlog:disable -javaagent:c:\Users\dell\.vscode\extensions\redhat.java-1.36.0-win32-x64\lombok\lombok-1.18.35.jar -XX:+HeapDumpOnOutOfMemoryError -XX:HeapDumpPath=c:\Users\dell\AppData\Roaming\Code\User\workspaceStorage\a4247ba8b9e7802f6bc315f6b1c92591\redhat.java -Daether.dependencyCollector.impl=bf 
java_command: c:\Users\dell\.vscode\extensions\redhat.java-1.36.0-win32-x64\server\plugins\org.eclipse.equinox.launcher_1.6.900.v20240613-2009.jar -configuration c:\Users\dell\AppData\Roaming\Code\User\globalStorage\redhat.java\1.36.0\config_win -data c:\Users\dell\AppData\Roaming\Code\User\workspaceStorage\a4247ba8b9e7802f6bc315f6b1c92591\redhat.java\jdt_ws --pipe=\\.\pipe\lsp-d36c34242ee6f7fe0dd4ecdc63d9facc-sock
java_class_path (initial): c:\Users\dell\.vscode\extensions\redhat.java-1.36.0-win32-x64\server\plugins\org.eclipse.equinox.launcher_1.6.900.v20240613-2009.jar
Launcher Type: SUN_STANDARD

[Global flags]
    uintx AdaptiveSizePolicyWeight                 = 90                                        {product} {command line}
     intx CICompilerCount                          = 3                                         {product} {ergonomic}
    uintx GCTimeRatio                              = 4                                         {product} {command line}
     bool HeapDumpOnOutOfMemoryError               = true                                   {manageable} {command line}
    ccstr HeapDumpPath                             = c:\Users\dell\AppData\Roaming\Code\User\workspaceStorage\a4247ba8b9e7802f6bc315f6b1c92591\redhat.java         {manageable} {command line}
   size_t InitialHeapSize                          = 104857600                                 {product} {command line}
   size_t MaxHeapSize                              = 1073741824                                {product} {command line}
   size_t MaxNewSize                               = 357564416                                 {product} {ergonomic}
   size_t MinHeapDeltaBytes                        = 524288                                    {product} {ergonomic}
   size_t MinHeapSize                              = 104857600                                 {product} {command line}
   size_t NewSize                                  = 34603008                                  {product} {ergonomic}
    uintx NonNMethodCodeHeapSize                   = 5832780                                {pd product} {ergonomic}
    uintx NonProfiledCodeHeapSize                  = 122912730                              {pd product} {ergonomic}
   size_t OldSize                                  = 70254592                                  {product} {ergonomic}
    uintx ProfiledCodeHeapSize                     = 122912730                              {pd product} {ergonomic}
    uintx ReservedCodeCacheSize                    = 251658240                              {pd product} {ergonomic}
     bool SegmentedCodeCache                       = true                                      {product} {ergonomic}
   size_t SoftMaxHeapSize                          = 1073741824                             {manageable} {ergonomic}
     bool UseCompressedClassPointers               = true                           {product lp64_product} {ergonomic}
     bool UseCompressedOops                        = true                           {product lp64_product} {ergonomic}
     bool UseLargePagesIndividualAllocation        = false                                  {pd product} {ergonomic}
     bool UseParallelGC                            = true                                      {product} {command line}

Logging:
Log output configuration:
 #0: stdout all=off uptime,level,tags
 #1: stderr all=off uptime,level,tags

Environment Variables:
PATH=C:\Users\dell\AppData\Local\cloud-code\installer\google-cloud-sdk\bin;C:\Python312\Scripts\;C:\Python312\;C:\Program Files\Common Files\Oracle\Java\javapath;C:\oraclexe\app\oracle\product\11.2.0\server\bin;C:\WINDOWS\system32;C:\WINDOWS;C:\WINDOWS\System32\Wbem;C:\WINDOWS\System32\WindowsPowerShell\v1.0\;C:\WINDOWS\System32\OpenSSH\;C:\MinGW\mingw32\bin;C:\Users\dell\AppData\Local\Programs\Python\Python311;C:\Users\dell\AppData\Local\Programs\Python\Python311\Scripts;C:\Users\dell\AppData\Local\Programs\Python\Python311\Lib\site-packages;C:\Program Files\dotnet\;C:\Program Files\Git\cmd;C:\ProgramData\chocolatey\bin;C:\Users\dell\AppData\Roaming\nvm;C:\Program Files\nodejs;C:\Users\dell\Downloads\clang+llvm-19.1.1-x86_64-pc-windows-msvc;C:\Users\dell\AppData\Local\Programs\Python\Python311\Scripts\;C:\Users\dell\AppData\Local\Programs\Python\Python311\;C:\Users\dell\AppData\Local\Programs\Python\Launcher\;C:\Program Files\MySQL\MySQL Shell 8.0\bin\;C:\Users\dell\AppData\Local\Microsoft\WindowsApps;C:\Users\dell\AppData\Local\Programs\Microsoft VS Code\bin;C:\Program Files\JetBrains\PyCharm Community Edition 2023.2.1\bin;;C:\Users\dell\AppData\Local\Microsoft\WinGet\Packages\Schniz.fnm_Microsoft.Winget.Source_8wekyb3d8bbwe;C:\Users\dell\AppData\Roaming\npm;C:\Users\dell\AppData\Roaming\nvm;C:\Program Files\nodejs;C:\Users\dell\Downloads\clang+llvm-19.1.1-x86_64-pc-windows-msvc;;C:\Users\dell\AppData\Local\Google\Cloud SDK\google-cloud-sdk\bin;C:\Program Files (x86)\Google\Cloud SDK\google-cloud-sdk\bin;C:\Program Files\Google\Cloud SDK\google-cloud-sdk\bin
USERNAME=dell
OS=Windows_NT
PROCESSOR_IDENTIFIER=Intel64 Family 6 Model 78 Stepping 3, GenuineIntel
TMP=C:\Users\dell\AppData\Local\Temp
TEMP=C:\Users\dell\AppData\Local\Temp



Periodic native trim disabled


---------------  S Y S T E M  ---------------

OS:
 Windows 10 , 64 bit Build 19041 (10.0.19041.5072)
OS uptime: 1 days 16:42 hours
Hyper-V role detected

CPU: total 4 (initial active 4) (2 cores per cpu, 2 threads per core) family 6 model 78 stepping 3 microcode 0xcc, cx8, cmov, fxsr, ht, mmx, 3dnowpref, sse, sse2, sse3, ssse3, sse4.1, sse4.2, popcnt, lzcnt, tsc, tscinvbit, avx, avx2, aes, erms, clmul, bmi1, bmi2, adx, fma, vzeroupper, clflush, clflushopt, hv
Processor Information for all 4 processors :
  Max Mhz: 2000, Current Mhz: 2000, Mhz Limit: 2000

Memory: 4k page, system-wide physical 8058M (451M free)
TotalPageFile size 12154M (AvailPageFile size 1M)
current process WorkingSet (physical memory assigned to process): 180M, peak: 185M
current process commit charge ("private bytes"): 263M, peak: 270M

vm_info: OpenJDK 64-Bit Server VM (17.0.13+11) for windows-amd64 JRE (17.0.13+11), built on Oct 16 2024 00:10:08 by "admin" with MS VC++ 17.7 (VS2022)

END.
