#
# There is insufficient memory for the Java Runtime Environment to continue.
# Native memory allocation (malloc) failed to allocate 3340496 bytes. Error detail: Chunk::new
# Possible reasons:
#   The system is out of physical RAM or swap space
#   This process is running with CompressedOops enabled, and the Java Heap may be blocking the growth of the native heap
# Possible solutions:
#   Reduce memory load on the system
#   Increase physical memory or swap space
#   Check if swap backing store is full
#   Decrease Java heap size (-Xmx/-Xms)
#   Decrease number of Java threads
#   Decrease Java thread stack sizes (-Xss)
#   Set larger code cache with -XX:ReservedCodeCacheSize=
#   JVM is running with Unscaled Compressed Oops mode in which the Java heap is
#     placed in the first 4GB address space. The Java Heap base address is the
#     maximum limit for the native heap growth. Please use -XX:HeapBaseMinAddress
#     to set the Java Heap base and to place the Java Heap above 4GB virtual address.
# This output file may be truncated or incomplete.
#
#  Out of Memory Error (arena.cpp:191), pid=12692, tid=11292
#
# JRE version: OpenJDK Runtime Environment Temurin-17.0.13+11 (17.0.13+11) (build 17.0.13+11)
# Java VM: OpenJDK 64-Bit Server VM Temurin-17.0.13+11 (17.0.13+11, mixed mode, tiered, compressed oops, compressed class ptrs, parallel gc, windows-amd64)
# No core dump will be written. Minidumps are not enabled by default on client versions of Windows
#

---------------  S U M M A R Y ------------

Command Line: --add-modules=ALL-SYSTEM --add-opens=java.base/java.util=ALL-UNNAMED --add-opens=java.base/java.lang=ALL-UNNAMED --add-opens=java.base/sun.nio.fs=ALL-UNNAMED -Declipse.application=org.eclipse.jdt.ls.core.id1 -Dosgi.bundles.defaultStartLevel=4 -Declipse.product=org.eclipse.jdt.ls.core.product -Djava.import.generatesMetadataFilesAtProjectRoot=false -DDetectVMInstallationsJob.disabled=true -Dfile.encoding=utf8 -XX:+UseParallelGC -XX:GCTimeRatio=4 -XX:AdaptiveSizePolicyWeight=90 -Dsun.zip.disableMemoryMapping=true -Xmx1G -Xms100m -Xlog:disable -javaagent:c:\Users\dell\.vscode\extensions\redhat.java-1.36.0-win32-x64\lombok\lombok-1.18.35.jar -XX:+HeapDumpOnOutOfMemoryError -XX:HeapDumpPath=c:\Users\dell\AppData\Roaming\Code\User\workspaceStorage\a4247ba8b9e7802f6bc315f6b1c92591\redhat.java -Daether.dependencyCollector.impl=bf c:\Users\dell\.vscode\extensions\redhat.java-1.36.0-win32-x64\server\plugins\org.eclipse.equinox.launcher_1.6.900.v20240613-2009.jar -configuration c:\Users\dell\AppData\Roaming\Code\User\globalStorage\redhat.java\1.36.0\config_win -data c:\Users\dell\AppData\Roaming\Code\User\workspaceStorage\a4247ba8b9e7802f6bc315f6b1c92591\redhat.java\jdt_ws --pipe=\\.\pipe\lsp-30c32a278b7c8e99349876bb466ab8de-sock

Host: Intel(R) Core(TM) i3-6006U CPU @ 2.00GHz, 4 cores, 7G,  Windows 10 , 64 bit Build 19041 (10.0.19041.5072)
Time: Wed Nov  6 11:21:27 2024 India Standard Time elapsed time: 80.485695 seconds (0d 0h 1m 20s)

---------------  T H R E A D  ---------------

Current thread (0x000001ba7bc836b0):  JavaThread "C2 CompilerThread0" daemon [_thread_in_native, id=11292, stack(0x00000061b0b00000,0x00000061b0c00000)]


Current CompileTask:
C2:  80487 9327       4       org.eclipse.jdt.internal.compiler.lookup.BinaryTypeBinding::createMethod (1724 bytes)

Stack: [0x00000061b0b00000,0x00000061b0c00000]
Native frames: (J=compiled Java code, j=interpreted, Vv=VM code, C=native code)
V  [jvm.dll+0x682a19]
V  [jvm.dll+0x839538]
V  [jvm.dll+0x83afe3]
V  [jvm.dll+0x83b653]
V  [jvm.dll+0x24704f]
V  [jvm.dll+0xace34]
V  [jvm.dll+0xad4cc]
V  [jvm.dll+0x36597e]
V  [jvm.dll+0x1ba989]
V  [jvm.dll+0x2181a7]
V  [jvm.dll+0x21748f]
V  [jvm.dll+0x1a3070]
V  [jvm.dll+0x22788c]
V  [jvm.dll+0x2259eb]
V  [jvm.dll+0x7eec98]
V  [jvm.dll+0x7e8ffc]
V  [jvm.dll+0x6818f7]
C  [ucrtbase.dll+0x21bb2]
C  [KERNEL32.DLL+0x17374]
C  [ntdll.dll+0x4cc91]


---------------  P R O C E S S  ---------------

Threads class SMR info:
_java_thread_list=0x000001ba181f6c30, length=48, elements={
0x000001ba76e12a10, 0x000001ba76ec9eb0, 0x000001ba76ecd470, 0x000001ba7bc7d140,
0x000001ba7bc7ded0, 0x000001ba7bc7ec60, 0x000001ba7bc82ab0, 0x000001ba7bc836b0,
0x000001ba7bcae170, 0x000001ba14138f50, 0x000001ba141fd380, 0x000001ba14426ef0,
0x000001ba14cc0710, 0x000001ba14f0fbc0, 0x000001ba15085270, 0x000001ba15085750,
0x000001ba15484df0, 0x000001ba155259d0, 0x000001ba15524fb0, 0x000001ba15525ee0,
0x000001ba155254c0, 0x000001ba155263f0, 0x000001ba15526900, 0x000001ba15526e10,
0x000001ba15527d40, 0x000001ba15528250, 0x000001ba15524aa0, 0x000001ba15e0f370,
0x000001ba15e116e0, 0x000001ba15e107b0, 0x000001ba15e0ee60, 0x000001ba15e0f880,
0x000001ba15e0fd90, 0x000001ba15e102a0, 0x000001ba15e0e440, 0x000001ba15e111d0,
0x000001ba15e0e950, 0x000001ba15e0df30, 0x000001ba15527320, 0x000001ba15527830,
0x000001ba17b6e700, 0x000001ba17b728d0, 0x000001ba17b6cdb0, 0x000001ba17b6d7d0,
0x000001ba17b71eb0, 0x000001ba17b70560, 0x000001ba17b70a70, 0x000001ba17b6fb40
}

Java Threads: ( => current thread )
  0x000001ba76e12a10 JavaThread "main" [_thread_blocked, id=7156, stack(0x00000061b0200000,0x00000061b0300000)]
  0x000001ba76ec9eb0 JavaThread "Reference Handler" daemon [_thread_blocked, id=3108, stack(0x00000061b0500000,0x00000061b0600000)]
  0x000001ba76ecd470 JavaThread "Finalizer" daemon [_thread_blocked, id=7436, stack(0x00000061b0600000,0x00000061b0700000)]
  0x000001ba7bc7d140 JavaThread "Signal Dispatcher" daemon [_thread_blocked, id=2388, stack(0x00000061b0700000,0x00000061b0800000)]
  0x000001ba7bc7ded0 JavaThread "Attach Listener" daemon [_thread_blocked, id=4044, stack(0x00000061b0800000,0x00000061b0900000)]
  0x000001ba7bc7ec60 JavaThread "Service Thread" daemon [_thread_blocked, id=4228, stack(0x00000061b0900000,0x00000061b0a00000)]
  0x000001ba7bc82ab0 JavaThread "Monitor Deflation Thread" daemon [_thread_blocked, id=10380, stack(0x00000061b0a00000,0x00000061b0b00000)]
=>0x000001ba7bc836b0 JavaThread "C2 CompilerThread0" daemon [_thread_in_native, id=11292, stack(0x00000061b0b00000,0x00000061b0c00000)]
  0x000001ba7bcae170 JavaThread "C1 CompilerThread0" daemon [_thread_blocked, id=11820, stack(0x00000061b0c00000,0x00000061b0d00000)]
  0x000001ba14138f50 JavaThread "Sweeper thread" daemon [_thread_blocked, id=13004, stack(0x00000061b0d00000,0x00000061b0e00000)]
  0x000001ba141fd380 JavaThread "Common-Cleaner" daemon [_thread_blocked, id=11852, stack(0x00000061b0e00000,0x00000061b0f00000)]
  0x000001ba14426ef0 JavaThread "Notification Thread" daemon [_thread_blocked, id=1372, stack(0x00000061b0f00000,0x00000061b1000000)]
  0x000001ba14cc0710 JavaThread "Active Thread: Equinox Container: 16c0c8c3-ba1f-47bc-9687-4765d69919c7" [_thread_blocked, id=13136, stack(0x00000061b1500000,0x00000061b1600000)]
  0x000001ba14f0fbc0 JavaThread "Refresh Thread: Equinox Container: 16c0c8c3-ba1f-47bc-9687-4765d69919c7" daemon [_thread_blocked, id=1684, stack(0x00000061b1600000,0x00000061b1700000)]
  0x000001ba15085270 JavaThread "Framework Event Dispatcher: Equinox Container: 16c0c8c3-ba1f-47bc-9687-4765d69919c7" daemon [_thread_blocked, id=6280, stack(0x00000061b1700000,0x00000061b1800000)]
  0x000001ba15085750 JavaThread "Start Level: Equinox Container: 16c0c8c3-ba1f-47bc-9687-4765d69919c7" daemon [_thread_blocked, id=2556, stack(0x00000061b1800000,0x00000061b1900000)]
  0x000001ba15484df0 JavaThread "Bundle File Closer" daemon [_thread_blocked, id=11020, stack(0x00000061b1900000,0x00000061b1a00000)]
  0x000001ba155259d0 JavaThread "SCR Component Actor" daemon [_thread_blocked, id=13172, stack(0x00000061b1a00000,0x00000061b1b00000)]
  0x000001ba15524fb0 JavaThread "Worker-JM" [_thread_blocked, id=10492, stack(0x00000061b1c00000,0x00000061b1d00000)]
  0x000001ba15525ee0 JavaThread "JNA Cleaner" daemon [_thread_blocked, id=13664, stack(0x00000061b1b00000,0x00000061b1c00000)]
  0x000001ba155254c0 JavaThread "Worker-0" [_thread_blocked, id=1620, stack(0x00000061b1d00000,0x00000061b1e00000)]
  0x000001ba155263f0 JavaThread "Worker-1: Building" [_thread_blocked, id=12252, stack(0x00000061b1e00000,0x00000061b1f00000)]
  0x000001ba15526900 JavaThread "Worker-2" [_thread_blocked, id=8664, stack(0x00000061b1f00000,0x00000061b2000000)]
  0x000001ba15526e10 JavaThread "Java indexing" daemon [_thread_blocked, id=4592, stack(0x00000061b2100000,0x00000061b2200000)]
  0x000001ba15527d40 JavaThread "Worker-3" [_thread_blocked, id=11796, stack(0x00000061b2200000,0x00000061b2300000)]
  0x000001ba15528250 JavaThread "Worker-4: Java indexing... " [_thread_blocked, id=8824, stack(0x00000061b2300000,0x00000061b2400000)]
  0x000001ba15524aa0 JavaThread "Thread-2" daemon [_thread_in_native, id=8960, stack(0x00000061b2400000,0x00000061b2500000)]
  0x000001ba15e0f370 JavaThread "Thread-3" daemon [_thread_in_native, id=15072, stack(0x00000061b2500000,0x00000061b2600000)]
  0x000001ba15e116e0 JavaThread "Thread-4" daemon [_thread_in_native, id=16880, stack(0x00000061b2600000,0x00000061b2700000)]
  0x000001ba15e107b0 JavaThread "Thread-5" daemon [_thread_blocked, id=13688, stack(0x00000061b2700000,0x00000061b2800000)]
  0x000001ba15e0ee60 JavaThread "Thread-6" daemon [_thread_in_native, id=16248, stack(0x00000061b2800000,0x00000061b2900000)]
  0x000001ba15e0f880 JavaThread "pool-2-thread-1" [_thread_blocked, id=5728, stack(0x00000061b2900000,0x00000061b2a00000)]
  0x000001ba15e0fd90 JavaThread "WorkspaceEventsHandler" [_thread_blocked, id=11740, stack(0x00000061b2a00000,0x00000061b2b00000)]
  0x000001ba15e102a0 JavaThread "pool-1-thread-1" [_thread_blocked, id=6404, stack(0x00000061b2b00000,0x00000061b2c00000)]
  0x000001ba15e0e440 JavaThread "Worker-5: Initialize workspace" [_thread_blocked, id=9924, stack(0x00000061b1400000,0x00000061b1500000)]
  0x000001ba15e111d0 JavaThread "LocalFile Deleter" daemon [_thread_blocked, id=10236, stack(0x00000061b2c00000,0x00000061b2d00000)]
  0x000001ba15e0e950 JavaThread "LocalFile Deleter" daemon [_thread_blocked, id=11644, stack(0x00000061b2d00000,0x00000061b2e00000)]
  0x000001ba15e0df30 JavaThread "LocalFile Deleter" daemon [_thread_blocked, id=11684, stack(0x00000061b2e00000,0x00000061b2f00000)]
  0x000001ba15527320 JavaThread "LocalFile Deleter" daemon [_thread_blocked, id=15384, stack(0x00000061b2f00000,0x00000061b3000000)]
  0x000001ba15527830 JavaThread "Compiler Source File Reader" daemon [_thread_blocked, id=14928, stack(0x00000061b3000000,0x00000061b3100000)]
  0x000001ba17b6e700 JavaThread "Compiler Source File Reader" daemon [_thread_blocked, id=9568, stack(0x00000061b3100000,0x00000061b3200000)]
  0x000001ba17b728d0 JavaThread "Compiler Processing Task" daemon [_thread_blocked, id=10300, stack(0x00000061b3200000,0x00000061b3300000)]
  0x000001ba17b6cdb0 JavaThread "Compiler Class File Writer" daemon [_thread_blocked, id=15444, stack(0x00000061b3300000,0x00000061b3400000)]
  0x000001ba17b6d7d0 JavaThread "Compiler Class File Writer" daemon [_thread_blocked, id=5708, stack(0x00000061b3400000,0x00000061b3500000)]
  0x000001ba17b71eb0 JavaThread "ForkJoinPool.commonPool-worker-1" daemon [_thread_blocked, id=16708, stack(0x00000061b0000000,0x00000061b0100000)]
  0x000001ba17b70560 JavaThread "ForkJoinPool.commonPool-worker-2" daemon [_thread_blocked, id=6804, stack(0x00000061b2000000,0x00000061b2100000)]
  0x000001ba17b70a70 JavaThread "ForkJoinPool.commonPool-worker-3" daemon [_thread_blocked, id=9424, stack(0x00000061b3700000,0x00000061b3800000)]
  0x000001ba17b6fb40 JavaThread "Thread-7" daemon [_thread_blocked, id=17852, stack(0x00000061b0100000,0x00000061b0200000)]

Other Threads:
  0x000001ba76ec48a0 VMThread "VM Thread" [stack: 0x00000061b0400000,0x00000061b0500000] [id=12872]
  0x000001ba144b6c90 WatcherThread [stack: 0x00000061b1000000,0x00000061b1100000] [id=3028]
  0x000001ba76e28630 GCTaskThread "GC Thread#0" [stack: 0x00000061b0300000,0x00000061b0400000] [id=10288]
  0x000001ba14536040 GCTaskThread "GC Thread#1" [stack: 0x00000061b1100000,0x00000061b1200000] [id=8720]
  0x000001ba14536300 GCTaskThread "GC Thread#2" [stack: 0x00000061b1200000,0x00000061b1300000] [id=11600]
  0x000001ba14ce0c30 GCTaskThread "GC Thread#3" [stack: 0x00000061b1300000,0x00000061b1400000] [id=15964]

Threads with active compile tasks:
C2 CompilerThread0    80644 9327       4       org.eclipse.jdt.internal.compiler.lookup.BinaryTypeBinding::createMethod (1724 bytes)
C1 CompilerThread0    80644 9519       2       java.lang.ThreadLocal::<init> (12 bytes)

VM state: at safepoint (normal execution)

VM Mutex/Monitor currently owned by a thread:  ([mutex/lock_event])
[0x000001ba76e0d970] Threads_lock - owner thread: 0x000001ba76ec48a0
[0x000001ba76e0e390] Heap_lock - owner thread: 0x000001ba17b70560

Heap address: 0x00000000c0000000, size: 1024 MB, Compressed Oops mode: 32-bit

CDS archive(s) not mapped
Compressed class space mapped at: 0x0000000100000000-0x0000000140000000, reserved size: 1073741824
Narrow klass base: 0x0000000000000000, Narrow klass shift: 3, Narrow klass range: 0x140000000

GC Precious Log:
 CPUs: 4 total, 4 available
 Memory: 8058M
 Large Page Support: Disabled
 NUMA Support: Disabled
 Compressed Oops: Enabled (32-bit)
 Alignments: Space 512K, Generation 512K, Heap 2M
 Heap Min Capacity: 100M
 Heap Initial Capacity: 100M
 Heap Max Capacity: 1G
 Pre-touch: Disabled
 Parallel Workers: 4

Heap:
 PSYoungGen      total 27648K, used 27648K [0x00000000eab00000, 0x00000000ee580000, 0x0000000100000000)
  eden space 20992K, 100% used [0x00000000eab00000,0x00000000ebf80000,0x00000000ebf80000)
  from space 6656K, 100% used [0x00000000ec000000,0x00000000ec680000,0x00000000ec680000)
  to   space 19456K, 0% used [0x00000000ed280000,0x00000000ed280000,0x00000000ee580000)
 ParOldGen       total 366592K, used 366456K [0x00000000c0000000, 0x00000000d6600000, 0x00000000eab00000)
  object space 366592K, 99% used [0x00000000c0000000,0x00000000d65de390,0x00000000d6600000)
 Metaspace       used 68239K, committed 69504K, reserved 1114112K
  class space    used 7164K, committed 7744K, reserved 1048576K

Card table byte_map: [0x000001ba767b0000,0x000001ba769c0000] _byte_map_base: 0x000001ba761b0000

Marking Bits: (ParMarkBitMap*) 0x00007fff22176940
 Begin Bits: [0x000001ba79ab0000, 0x000001ba7aab0000)
 End Bits:   [0x000001ba7aab0000, 0x000001ba7bab0000)

Polling page: 0x000001ba74d50000

Metaspace:

Usage:
  Non-class:     59.64 MB used.
      Class:      7.00 MB used.
       Both:     66.64 MB used.

Virtual space:
  Non-class space:       64.00 MB reserved,      60.31 MB ( 94%) committed,  1 nodes.
      Class space:        1.00 GB reserved,       7.56 MB ( <1%) committed,  1 nodes.
             Both:        1.06 GB reserved,      67.88 MB (  6%) committed. 

Chunk freelists:
   Non-Class:  3.69 MB
       Class:  8.41 MB
        Both:  12.09 MB

MaxMetaspaceSize: unlimited
CompressedClassSpaceSize: 1.00 GB
Initial GC threshold: 21.00 MB
Current GC threshold: 107.62 MB
CDS: off
MetaspaceReclaimPolicy: balanced
 - commit_granule_bytes: 65536.
 - commit_granule_words: 8192.
 - virtual_space_node_default_size: 8388608.
 - enlarge_chunks_in_place: 1.
 - new_chunks_are_fully_committed: 0.
 - uncommit_free_chunks: 1.
 - use_allocation_guard: 0.
 - handle_deallocations: 1.


Internal statistics:

num_allocs_failed_limit: 9.
num_arena_births: 744.
num_arena_deaths: 14.
num_vsnodes_births: 2.
num_vsnodes_deaths: 0.
num_space_committed: 1086.
num_space_uncommitted: 0.
num_chunks_returned_to_freelist: 23.
num_chunks_taken_from_freelist: 3588.
num_chunk_merges: 13.
num_chunk_splits: 2189.
num_chunks_enlarged: 1249.
num_inconsistent_stats: 0.

CodeHeap 'non-profiled nmethods': size=120000Kb used=5660Kb max_used=6116Kb free=114339Kb
 bounds [0x000001ba07ad0000, 0x000001ba080d0000, 0x000001ba0f000000]
CodeHeap 'profiled nmethods': size=120000Kb used=15772Kb max_used=17539Kb free=104227Kb
 bounds [0x000001ba00000000, 0x000001ba01130000, 0x000001ba07530000]
CodeHeap 'non-nmethods': size=5760Kb used=1361Kb max_used=1461Kb free=4398Kb
 bounds [0x000001ba07530000, 0x000001ba077a0000, 0x000001ba07ad0000]
 total_blobs=8456 nmethods=7743 adapters=627
 compilation: enabled
              stopped_count=0, restarted_count=0
 full_count=0

Compilation events (20 events):
Event: 80.005 Thread 0x000001ba7bcae170 nmethod 9510 0x000001ba0051fa90 code [0x000001ba0051fc60, 0x000001ba0051ff58]
Event: 80.006 Thread 0x000001ba7bcae170 9507       2       org.eclipse.core.internal.dtree.NodeComparison::asReverseComparison (67 bytes)
Event: 80.006 Thread 0x000001ba7bcae170 nmethod 9507 0x000001ba0051f590 code [0x000001ba0051f740, 0x000001ba0051f908]
Event: 80.006 Thread 0x000001ba7bcae170 9511       2       org.eclipse.core.internal.events.NodeIDMap::isEmpty (11 bytes)
Event: 80.006 Thread 0x000001ba7bcae170 nmethod 9511 0x000001ba00b2cf10 code [0x000001ba00b2d0a0, 0x000001ba00b2d1d8]
Event: 80.006 Thread 0x000001ba7bcae170 9513       3       java.net.URI::decode (6 bytes)
Event: 80.006 Thread 0x000001ba7bcae170 nmethod 9513 0x000001ba00537f10 code [0x000001ba005380a0, 0x000001ba005381c8]
Event: 80.006 Thread 0x000001ba7bcae170 9512       1       org.eclipse.core.internal.events.ResourceChangeEvent::getType (5 bytes)
Event: 80.006 Thread 0x000001ba7bcae170 nmethod 9512 0x000001ba08032510 code [0x000001ba080326a0, 0x000001ba08032778]
Event: 80.015 Thread 0x000001ba7bcae170 9514       2       org.eclipse.core.internal.resources.Resource::isAccessible (5 bytes)
Event: 80.016 Thread 0x000001ba7bcae170 nmethod 9514 0x000001ba00537a10 code [0x000001ba00537bc0, 0x000001ba00537d58]
Event: 80.036 Thread 0x000001ba7bcae170 9515       3       java.lang.invoke.MethodType::erase (8 bytes)
Event: 80.037 Thread 0x000001ba7bcae170 nmethod 9515 0x000001ba00579b90 code [0x000001ba00579d20, 0x000001ba00579e58]
Event: 80.039 Thread 0x000001ba7bcae170 9516       1       jdk.internal.reflect.DelegatingMethodAccessorImpl::setDelegate (6 bytes)
Event: 80.039 Thread 0x000001ba7bcae170 nmethod 9516 0x000001ba08032210 code [0x000001ba080323a0, 0x000001ba08032478]
Event: 80.052 Thread 0x000001ba7bcae170 9517       2       java.nio.ByteBuffer::allocate (20 bytes)
Event: 80.053 Thread 0x000001ba7bcae170 nmethod 9517 0x000001ba00579710 code [0x000001ba005798c0, 0x000001ba00579a78]
Event: 80.099 Thread 0x000001ba7bcae170 9518       1       org.eclipse.lsp4j.jsonrpc.messages.NotificationMessage::getMethod (5 bytes)
Event: 80.099 Thread 0x000001ba7bcae170 nmethod 9518 0x000001ba08031e10 code [0x000001ba08031fa0, 0x000001ba08032078]
Event: 80.104 Thread 0x000001ba7bcae170 9519       2       java.lang.ThreadLocal::<init> (12 bytes)

GC Heap History (20 events):
Event: 62.896 GC heap after
{Heap after GC invocations=159 (full 10):
 PSYoungGen      total 27136K, used 7211K [0x00000000eab00000, 0x00000000ecd00000, 0x0000000100000000)
  eden space 19456K, 0% used [0x00000000eab00000,0x00000000eab00000,0x00000000ebe00000)
  from space 7680K, 93% used [0x00000000ec580000,0x00000000ecc8af48,0x00000000ecd00000)
  to   space 7680K, 0% used [0x00000000ebe00000,0x00000000ebe00000,0x00000000ec580000)
 ParOldGen       total 292864K, used 273202K [0x00000000c0000000, 0x00000000d1e00000, 0x00000000eab00000)
  object space 292864K, 93% used [0x00000000c0000000,0x00000000d0accb48,0x00000000d1e00000)
 Metaspace       used 64583K, committed 65664K, reserved 1114112K
  class space    used 6829K, committed 7296K, reserved 1048576K
}
Event: 63.402 GC heap before
{Heap before GC invocations=160 (full 10):
 PSYoungGen      total 27136K, used 26667K [0x00000000eab00000, 0x00000000ecd00000, 0x0000000100000000)
  eden space 19456K, 100% used [0x00000000eab00000,0x00000000ebe00000,0x00000000ebe00000)
  from space 7680K, 93% used [0x00000000ec580000,0x00000000ecc8af48,0x00000000ecd00000)
  to   space 7680K, 0% used [0x00000000ebe00000,0x00000000ebe00000,0x00000000ec580000)
 ParOldGen       total 292864K, used 273202K [0x00000000c0000000, 0x00000000d1e00000, 0x00000000eab00000)
  object space 292864K, 93% used [0x00000000c0000000,0x00000000d0accb48,0x00000000d1e00000)
 Metaspace       used 64647K, committed 65792K, reserved 1114112K
  class space    used 6837K, committed 7360K, reserved 1048576K
}
Event: 63.431 GC heap after
{Heap after GC invocations=160 (full 10):
 PSYoungGen      total 27136K, used 7673K [0x00000000eab00000, 0x00000000eea00000, 0x0000000100000000)
  eden space 19456K, 0% used [0x00000000eab00000,0x00000000eab00000,0x00000000ebe00000)
  from space 7680K, 99% used [0x00000000ebe00000,0x00000000ec57e6d0,0x00000000ec580000)
  to   space 22528K, 0% used [0x00000000ed400000,0x00000000ed400000,0x00000000eea00000)
 ParOldGen       total 292864K, used 285481K [0x00000000c0000000, 0x00000000d1e00000, 0x00000000eab00000)
  object space 292864K, 97% used [0x00000000c0000000,0x00000000d16ca648,0x00000000d1e00000)
 Metaspace       used 64647K, committed 65792K, reserved 1114112K
  class space    used 6837K, committed 7360K, reserved 1048576K
}
Event: 64.228 GC heap before
{Heap before GC invocations=161 (full 11):
 PSYoungGen      total 27136K, used 27129K [0x00000000eab00000, 0x00000000eea00000, 0x0000000100000000)
  eden space 19456K, 100% used [0x00000000eab00000,0x00000000ebe00000,0x00000000ebe00000)
  from space 7680K, 99% used [0x00000000ebe00000,0x00000000ec57e6d0,0x00000000ec580000)
  to   space 22528K, 0% used [0x00000000ed400000,0x00000000ed400000,0x00000000eea00000)
 ParOldGen       total 292864K, used 285481K [0x00000000c0000000, 0x00000000d1e00000, 0x00000000eab00000)
  object space 292864K, 97% used [0x00000000c0000000,0x00000000d16ca648,0x00000000d1e00000)
 Metaspace       used 65042K, committed 66112K, reserved 1114112K
  class space    used 6885K, committed 7360K, reserved 1048576K
}
Event: 64.865 GC heap after
{Heap after GC invocations=161 (full 11):
 PSYoungGen      total 41984K, used 8751K [0x00000000eab00000, 0x00000000eea00000, 0x0000000100000000)
  eden space 19456K, 44% used [0x00000000eab00000,0x00000000eb38be60,0x00000000ebe00000)
  from space 22528K, 0% used [0x00000000ed400000,0x00000000ed400000,0x00000000eea00000)
  to   space 7680K, 0% used [0x00000000ebe00000,0x00000000ebe00000,0x00000000ec580000)
 ParOldGen       total 350208K, used 292847K [0x00000000c0000000, 0x00000000d5600000, 0x00000000eab00000)
  object space 350208K, 83% used [0x00000000c0000000,0x00000000d1dfbff8,0x00000000d5600000)
 Metaspace       used 65042K, committed 66112K, reserved 1114112K
  class space    used 6885K, committed 7360K, reserved 1048576K
}
Event: 65.378 GC heap before
{Heap before GC invocations=162 (full 11):
 PSYoungGen      total 41984K, used 19448K [0x00000000eab00000, 0x00000000eea00000, 0x0000000100000000)
  eden space 19456K, 99% used [0x00000000eab00000,0x00000000ebdfe340,0x00000000ebe00000)
  from space 22528K, 0% used [0x00000000ed400000,0x00000000ed400000,0x00000000eea00000)
  to   space 7680K, 0% used [0x00000000ebe00000,0x00000000ebe00000,0x00000000ec580000)
 ParOldGen       total 350208K, used 292847K [0x00000000c0000000, 0x00000000d5600000, 0x00000000eab00000)
  object space 350208K, 83% used [0x00000000c0000000,0x00000000d1dfbff8,0x00000000d5600000)
 Metaspace       used 65353K, committed 66496K, reserved 1114112K
  class space    used 6900K, committed 7424K, reserved 1048576K
}
Event: 65.433 GC heap after
{Heap after GC invocations=162 (full 11):
 PSYoungGen      total 27136K, used 7665K [0x00000000eab00000, 0x00000000edb00000, 0x0000000100000000)
  eden space 19456K, 0% used [0x00000000eab00000,0x00000000eab00000,0x00000000ebe00000)
  from space 7680K, 99% used [0x00000000ebe00000,0x00000000ec57c458,0x00000000ec580000)
  to   space 14848K, 0% used [0x00000000ecc80000,0x00000000ecc80000,0x00000000edb00000)
 ParOldGen       total 350208K, used 296618K [0x00000000c0000000, 0x00000000d5600000, 0x00000000eab00000)
  object space 350208K, 84% used [0x00000000c0000000,0x00000000d21aab90,0x00000000d5600000)
 Metaspace       used 65353K, committed 66496K, reserved 1114112K
  class space    used 6900K, committed 7424K, reserved 1048576K
}
Event: 66.438 GC heap before
{Heap before GC invocations=163 (full 11):
 PSYoungGen      total 27136K, used 26978K [0x00000000eab00000, 0x00000000edb00000, 0x0000000100000000)
  eden space 19456K, 99% used [0x00000000eab00000,0x00000000ebddc4c8,0x00000000ebe00000)
  from space 7680K, 99% used [0x00000000ebe00000,0x00000000ec57c458,0x00000000ec580000)
  to   space 14848K, 0% used [0x00000000ecc80000,0x00000000ecc80000,0x00000000edb00000)
 ParOldGen       total 350208K, used 296618K [0x00000000c0000000, 0x00000000d5600000, 0x00000000eab00000)
  object space 350208K, 84% used [0x00000000c0000000,0x00000000d21aab90,0x00000000d5600000)
 Metaspace       used 66187K, committed 67392K, reserved 1114112K
  class space    used 6967K, committed 7488K, reserved 1048576K
}
Event: 66.483 GC heap after
{Heap after GC invocations=163 (full 11):
 PSYoungGen      total 29696K, used 9769K [0x00000000eab00000, 0x00000000ed680000, 0x0000000100000000)
  eden space 19456K, 0% used [0x00000000eab00000,0x00000000eab00000,0x00000000ebe00000)
  from space 10240K, 95% used [0x00000000ecc80000,0x00000000ed60a7c8,0x00000000ed680000)
  to   space 11264K, 0% used [0x00000000ec080000,0x00000000ec080000,0x00000000ecb80000)
 ParOldGen       total 350208K, used 303672K [0x00000000c0000000, 0x00000000d5600000, 0x00000000eab00000)
  object space 350208K, 86% used [0x00000000c0000000,0x00000000d288e160,0x00000000d5600000)
 Metaspace       used 66187K, committed 67392K, reserved 1114112K
  class space    used 6967K, committed 7488K, reserved 1048576K
}
Event: 76.317 GC heap before
{Heap before GC invocations=164 (full 11):
 PSYoungGen      total 29696K, used 28058K [0x00000000eab00000, 0x00000000ed680000, 0x0000000100000000)
  eden space 19456K, 94% used [0x00000000eab00000,0x00000000ebcdc3f8,0x00000000ebe00000)
  from space 10240K, 95% used [0x00000000ecc80000,0x00000000ed60a7c8,0x00000000ed680000)
  to   space 11264K, 0% used [0x00000000ec080000,0x00000000ec080000,0x00000000ecb80000)
 ParOldGen       total 350208K, used 303672K [0x00000000c0000000, 0x00000000d5600000, 0x00000000eab00000)
  object space 350208K, 86% used [0x00000000c0000000,0x00000000d288e160,0x00000000d5600000)
 Metaspace       used 67056K, committed 68160K, reserved 1114112K
  class space    used 7049K, committed 7552K, reserved 1048576K
}
Event: 76.515 GC heap after
{Heap after GC invocations=164 (full 11):
 PSYoungGen      total 30720K, used 11256K [0x00000000eab00000, 0x00000000edb00000, 0x0000000100000000)
  eden space 19456K, 0% used [0x00000000eab00000,0x00000000eab00000,0x00000000ebe00000)
  from space 11264K, 99% used [0x00000000ec080000,0x00000000ecb7e1a0,0x00000000ecb80000)
  to   space 14848K, 0% used [0x00000000ecc80000,0x00000000ecc80000,0x00000000edb00000)
 ParOldGen       total 350208K, used 306432K [0x00000000c0000000, 0x00000000d5600000, 0x00000000eab00000)
  object space 350208K, 87% used [0x00000000c0000000,0x00000000d2b400c0,0x00000000d5600000)
 Metaspace       used 67056K, committed 68160K, reserved 1114112K
  class space    used 7049K, committed 7552K, reserved 1048576K
}
Event: 77.865 GC heap before
{Heap before GC invocations=165 (full 11):
 PSYoungGen      total 30720K, used 30712K [0x00000000eab00000, 0x00000000edb00000, 0x0000000100000000)
  eden space 19456K, 100% used [0x00000000eab00000,0x00000000ebe00000,0x00000000ebe00000)
  from space 11264K, 99% used [0x00000000ec080000,0x00000000ecb7e1a0,0x00000000ecb80000)
  to   space 14848K, 0% used [0x00000000ecc80000,0x00000000ecc80000,0x00000000edb00000)
 ParOldGen       total 350208K, used 306432K [0x00000000c0000000, 0x00000000d5600000, 0x00000000eab00000)
  object space 350208K, 87% used [0x00000000c0000000,0x00000000d2b400c0,0x00000000d5600000)
 Metaspace       used 67662K, committed 68864K, reserved 1114112K
  class space    used 7122K, committed 7680K, reserved 1048576K
}
Event: 77.880 GC heap after
{Heap after GC invocations=165 (full 11):
 PSYoungGen      total 22016K, used 2320K [0x00000000eab00000, 0x00000000ecf00000, 0x0000000100000000)
  eden space 19456K, 0% used [0x00000000eab00000,0x00000000eab00000,0x00000000ebe00000)
  from space 2560K, 90% used [0x00000000ecc80000,0x00000000ecec43e8,0x00000000ecf00000)
  to   space 6656K, 0% used [0x00000000ec200000,0x00000000ec200000,0x00000000ec880000)
 ParOldGen       total 350208K, used 315671K [0x00000000c0000000, 0x00000000d5600000, 0x00000000eab00000)
  object space 350208K, 90% used [0x00000000c0000000,0x00000000d3445e00,0x00000000d5600000)
 Metaspace       used 67662K, committed 68864K, reserved 1114112K
  class space    used 7122K, committed 7680K, reserved 1048576K
}
Event: 78.178 GC heap before
{Heap before GC invocations=166 (full 11):
 PSYoungGen      total 22016K, used 17525K [0x00000000eab00000, 0x00000000ecf00000, 0x0000000100000000)
  eden space 19456K, 78% used [0x00000000eab00000,0x00000000eb9d9328,0x00000000ebe00000)
  from space 2560K, 90% used [0x00000000ecc80000,0x00000000ecec43e8,0x00000000ecf00000)
  to   space 6656K, 0% used [0x00000000ec200000,0x00000000ec200000,0x00000000ec880000)
 ParOldGen       total 350208K, used 315671K [0x00000000c0000000, 0x00000000d5600000, 0x00000000eab00000)
  object space 350208K, 90% used [0x00000000c0000000,0x00000000d3445e00,0x00000000d5600000)
 Metaspace       used 67848K, committed 68992K, reserved 1114112K
  class space    used 7134K, committed 7680K, reserved 1048576K
}
Event: 78.184 GC heap after
{Heap after GC invocations=166 (full 11):
 PSYoungGen      total 26112K, used 6602K [0x00000000eab00000, 0x00000000ecd00000, 0x0000000100000000)
  eden space 19456K, 0% used [0x00000000eab00000,0x00000000eab00000,0x00000000ebe00000)
  from space 6656K, 99% used [0x00000000ec200000,0x00000000ec872938,0x00000000ec880000)
  to   space 4608K, 0% used [0x00000000ec880000,0x00000000ec880000,0x00000000ecd00000)
 ParOldGen       total 350208K, used 317001K [0x00000000c0000000, 0x00000000d5600000, 0x00000000eab00000)
  object space 350208K, 90% used [0x00000000c0000000,0x00000000d3592580,0x00000000d5600000)
 Metaspace       used 67848K, committed 68992K, reserved 1114112K
  class space    used 7134K, committed 7680K, reserved 1048576K
}
Event: 78.979 GC heap before
{Heap before GC invocations=167 (full 11):
 PSYoungGen      total 26112K, used 26058K [0x00000000eab00000, 0x00000000ecd00000, 0x0000000100000000)
  eden space 19456K, 100% used [0x00000000eab00000,0x00000000ebe00000,0x00000000ebe00000)
  from space 6656K, 99% used [0x00000000ec200000,0x00000000ec872938,0x00000000ec880000)
  to   space 4608K, 0% used [0x00000000ec880000,0x00000000ec880000,0x00000000ecd00000)
 ParOldGen       total 361472K, used 354340K [0x00000000c0000000, 0x00000000d6100000, 0x00000000eab00000)
  object space 361472K, 98% used [0x00000000c0000000,0x00000000d5a090d0,0x00000000d6100000)
 Metaspace       used 68078K, committed 69312K, reserved 1114112K
  class space    used 7159K, committed 7744K, reserved 1048576K
}
Event: 79.149 GC heap after
{Heap after GC invocations=167 (full 11):
 PSYoungGen      total 24064K, used 4583K [0x00000000eab00000, 0x00000000ecd00000, 0x0000000100000000)
  eden space 19456K, 0% used [0x00000000eab00000,0x00000000eab00000,0x00000000ebe00000)
  from space 4608K, 99% used [0x00000000ec880000,0x00000000eccf9c68,0x00000000ecd00000)
  to   space 6656K, 0% used [0x00000000ec000000,0x00000000ec000000,0x00000000ec680000)
 ParOldGen       total 361472K, used 355660K [0x00000000c0000000, 0x00000000d6100000, 0x00000000eab00000)
  object space 361472K, 98% used [0x00000000c0000000,0x00000000d5b530d0,0x00000000d6100000)
 Metaspace       used 68078K, committed 69312K, reserved 1114112K
  class space    used 7159K, committed 7744K, reserved 1048576K
}
Event: 79.585 GC heap before
{Heap before GC invocations=168 (full 11):
 PSYoungGen      total 24064K, used 24039K [0x00000000eab00000, 0x00000000ecd00000, 0x0000000100000000)
  eden space 19456K, 100% used [0x00000000eab00000,0x00000000ebe00000,0x00000000ebe00000)
  from space 4608K, 99% used [0x00000000ec880000,0x00000000eccf9c68,0x00000000ecd00000)
  to   space 6656K, 0% used [0x00000000ec000000,0x00000000ec000000,0x00000000ec680000)
 ParOldGen       total 361472K, used 355660K [0x00000000c0000000, 0x00000000d6100000, 0x00000000eab00000)
  object space 361472K, 98% used [0x00000000c0000000,0x00000000d5b530d0,0x00000000d6100000)
 Metaspace       used 68094K, committed 69312K, reserved 1114112K
  class space    used 7160K, committed 7744K, reserved 1048576K
}
Event: 79.636 GC heap after
{Heap after GC invocations=168 (full 11):
 PSYoungGen      total 27648K, used 6656K [0x00000000eab00000, 0x00000000ee580000, 0x0000000100000000)
  eden space 20992K, 0% used [0x00000000eab00000,0x00000000eab00000,0x00000000ebf80000)
  from space 6656K, 100% used [0x00000000ec000000,0x00000000ec680000,0x00000000ec680000)
  to   space 19456K, 0% used [0x00000000ed280000,0x00000000ed280000,0x00000000ee580000)
 ParOldGen       total 366592K, used 366456K [0x00000000c0000000, 0x00000000d6600000, 0x00000000eab00000)
  object space 366592K, 99% used [0x00000000c0000000,0x00000000d65de390,0x00000000d6600000)
 Metaspace       used 68094K, committed 69312K, reserved 1114112K
  class space    used 7160K, committed 7744K, reserved 1048576K
}
Event: 80.125 GC heap before
{Heap before GC invocations=169 (full 12):
 PSYoungGen      total 27648K, used 27648K [0x00000000eab00000, 0x00000000ee580000, 0x0000000100000000)
  eden space 20992K, 100% used [0x00000000eab00000,0x00000000ebf80000,0x00000000ebf80000)
  from space 6656K, 100% used [0x00000000ec000000,0x00000000ec680000,0x00000000ec680000)
  to   space 19456K, 0% used [0x00000000ed280000,0x00000000ed280000,0x00000000ee580000)
 ParOldGen       total 366592K, used 366456K [0x00000000c0000000, 0x00000000d6600000, 0x00000000eab00000)
  object space 366592K, 99% used [0x00000000c0000000,0x00000000d65de390,0x00000000d6600000)
 Metaspace       used 68239K, committed 69504K, reserved 1114112K
  class space    used 7164K, committed 7744K, reserved 1048576K
}

Dll operation events (10 events):
Event: 0.059 Loaded shared library c:\Users\dell\.vscode\extensions\redhat.java-1.36.0-win32-x64\jre\17.0.13-win32-x86_64\bin\java.dll
Event: 0.612 Loaded shared library c:\Users\dell\.vscode\extensions\redhat.java-1.36.0-win32-x64\jre\17.0.13-win32-x86_64\bin\zip.dll
Event: 0.627 Loaded shared library C:\Users\dell\.vscode\extensions\redhat.java-1.36.0-win32-x64\jre\17.0.13-win32-x86_64\bin\instrument.dll
Event: 0.670 Loaded shared library C:\Users\dell\.vscode\extensions\redhat.java-1.36.0-win32-x64\jre\17.0.13-win32-x86_64\bin\net.dll
Event: 0.679 Loaded shared library C:\Users\dell\.vscode\extensions\redhat.java-1.36.0-win32-x64\jre\17.0.13-win32-x86_64\bin\nio.dll
Event: 0.713 Loaded shared library C:\Users\dell\.vscode\extensions\redhat.java-1.36.0-win32-x64\jre\17.0.13-win32-x86_64\bin\zip.dll
Event: 0.756 Loaded shared library C:\Users\dell\.vscode\extensions\redhat.java-1.36.0-win32-x64\jre\17.0.13-win32-x86_64\bin\jimage.dll
Event: 1.077 Loaded shared library c:\Users\dell\.vscode\extensions\redhat.java-1.36.0-win32-x64\jre\17.0.13-win32-x86_64\bin\verify.dll
Event: 4.272 Loaded shared library C:\Users\dell\AppData\Roaming\Code\User\globalStorage\redhat.java\1.36.0\config_win\org.eclipse.equinox.launcher\org.eclipse.equinox.launcher.win32.win32.x86_64_1.2.1100.v20240722-2106\eclipse_11904.dll
Event: 8.760 Loaded shared library C:\Users\dell\AppData\Local\Temp\jna-3079617\jna17295970539214304628.dll

Deoptimization events (20 events):
Event: 78.005 Thread 0x000001ba17b71eb0 DEOPT PACKING pc=0x000001ba08050dfc sp=0x00000061b00fe1a0
Event: 78.005 Thread 0x000001ba17b71eb0 DEOPT UNPACKING pc=0x000001ba075866a3 sp=0x00000061b00fe160 mode 2
Event: 78.005 Thread 0x000001ba17b71eb0 Uncommon trap: trap_request=0xffffffc6 fr.pc=0x000001ba08050dfc relative=0x000000000000a91c
Event: 78.005 Thread 0x000001ba17b71eb0 Uncommon trap: reason=bimorphic_or_optimized_type_check action=maybe_recompile pc=0x000001ba08050dfc method=org.eclipse.jdt.internal.compiler.lookup.BinaryTypeBinding.createMethod(Lorg/eclipse/jdt/internal/compiler/env/IBinaryMethod;Lorg/eclipse/jdt/inter
Event: 78.005 Thread 0x000001ba17b71eb0 DEOPT PACKING pc=0x000001ba08050dfc sp=0x00000061b00fe1a0
Event: 78.005 Thread 0x000001ba17b71eb0 DEOPT UNPACKING pc=0x000001ba075866a3 sp=0x00000061b00fe160 mode 2
Event: 78.008 Thread 0x000001ba17b71eb0 DEOPT PACKING pc=0x000001ba00d3b551 sp=0x00000061b00fdf40
Event: 78.008 Thread 0x000001ba17b71eb0 DEOPT UNPACKING pc=0x000001ba07586e43 sp=0x00000061b00fd450 mode 0
Event: 78.200 Thread 0x000001ba17b71eb0 Uncommon trap: trap_request=0xffffffc6 fr.pc=0x000001ba08050dfc relative=0x000000000000a91c
Event: 78.200 Thread 0x000001ba17b71eb0 Uncommon trap: reason=bimorphic_or_optimized_type_check action=maybe_recompile pc=0x000001ba08050dfc method=org.eclipse.jdt.internal.compiler.lookup.BinaryTypeBinding.createMethod(Lorg/eclipse/jdt/internal/compiler/env/IBinaryMethod;Lorg/eclipse/jdt/inter
Event: 78.200 Thread 0x000001ba17b71eb0 DEOPT PACKING pc=0x000001ba08050dfc sp=0x00000061b00fe070
Event: 78.200 Thread 0x000001ba17b71eb0 DEOPT UNPACKING pc=0x000001ba075866a3 sp=0x00000061b00fe030 mode 2
Event: 78.200 Thread 0x000001ba17b71eb0 Uncommon trap: trap_request=0xffffffc6 fr.pc=0x000001ba08050dfc relative=0x000000000000a91c
Event: 78.200 Thread 0x000001ba17b71eb0 Uncommon trap: reason=bimorphic_or_optimized_type_check action=maybe_recompile pc=0x000001ba08050dfc method=org.eclipse.jdt.internal.compiler.lookup.BinaryTypeBinding.createMethod(Lorg/eclipse/jdt/internal/compiler/env/IBinaryMethod;Lorg/eclipse/jdt/inter
Event: 78.200 Thread 0x000001ba17b71eb0 DEOPT PACKING pc=0x000001ba08050dfc sp=0x00000061b00fe070
Event: 78.200 Thread 0x000001ba17b71eb0 DEOPT UNPACKING pc=0x000001ba075866a3 sp=0x00000061b00fe030 mode 2
Event: 78.769 Thread 0x000001ba17b6fb40 Uncommon trap: trap_request=0xffffff45 fr.pc=0x000001ba07fb0aec relative=0x000000000000032c
Event: 78.769 Thread 0x000001ba17b6fb40 Uncommon trap: reason=unstable_if action=reinterpret pc=0x000001ba07fb0aec method=java.util.HashMap.getNode(Ljava/lang/Object;)Ljava/util/HashMap$Node; @ 131 c2
Event: 78.784 Thread 0x000001ba17b6fb40 DEOPT PACKING pc=0x000001ba07fb0aec sp=0x00000061b01fe730
Event: 78.784 Thread 0x000001ba17b6fb40 DEOPT UNPACKING pc=0x000001ba075866a3 sp=0x00000061b01fe640 mode 2

Classes loaded (20 events):
Event: 77.375 Loading class com/sun/crypto/provider/ElectronicCodeBook
Event: 77.378 Loading class com/sun/crypto/provider/FeedbackCipher
Event: 77.378 Loading class com/sun/crypto/provider/FeedbackCipher done
Event: 77.378 Loading class com/sun/crypto/provider/ElectronicCodeBook done
Event: 77.378 Loading class com/sun/crypto/provider/PKCS5Padding
Event: 77.379 Loading class com/sun/crypto/provider/Padding
Event: 77.379 Loading class com/sun/crypto/provider/Padding done
Event: 77.379 Loading class com/sun/crypto/provider/PKCS5Padding done
Event: 77.379 Loading class com/sun/crypto/provider/CipherBlockChaining
Event: 77.380 Loading class com/sun/crypto/provider/CipherBlockChaining done
Event: 77.381 Loading class javax/crypto/NullCipher
Event: 77.381 Loading class javax/crypto/NullCipher done
Event: 77.399 Loading class javax/xml/transform/TransformerConfigurationException
Event: 77.399 Loading class javax/xml/transform/TransformerConfigurationException done
Event: 77.881 Loading class sun/security/util/ArrayUtil
Event: 77.881 Loading class sun/security/util/ArrayUtil done
Event: 77.998 Loading class java/util/zip/CheckedInputStream
Event: 77.998 Loading class java/util/zip/CheckedInputStream done
Event: 78.505 Loading class java/util/zip/GZIPInputStream$1
Event: 78.506 Loading class java/util/zip/GZIPInputStream$1 done

Classes unloaded (7 events):
Event: 13.583 Thread 0x000001ba76ec48a0 Unloading class 0x0000000100258000 'java/lang/invoke/LambdaForm$MH+0x0000000100258000'
Event: 13.583 Thread 0x000001ba76ec48a0 Unloading class 0x0000000100253c00 'java/lang/invoke/LambdaForm$MH+0x0000000100253c00'
Event: 13.583 Thread 0x000001ba76ec48a0 Unloading class 0x0000000100253800 'java/lang/invoke/LambdaForm$MH+0x0000000100253800'
Event: 13.583 Thread 0x000001ba76ec48a0 Unloading class 0x0000000100253400 'java/lang/invoke/LambdaForm$MH+0x0000000100253400'
Event: 13.583 Thread 0x000001ba76ec48a0 Unloading class 0x0000000100253000 'java/lang/invoke/LambdaForm$BMH+0x0000000100253000'
Event: 13.583 Thread 0x000001ba76ec48a0 Unloading class 0x0000000100252c00 'java/lang/invoke/LambdaForm$DMH+0x0000000100252c00'
Event: 13.583 Thread 0x000001ba76ec48a0 Unloading class 0x0000000100250400 'java/lang/invoke/LambdaForm$DMH+0x0000000100250400'

Classes redefined (0 events):
No events

Internal exceptions (20 events):
Event: 78.892 Thread 0x000001ba155254c0 Exception <a 'sun/nio/fs/WindowsException'{0x00000000ebc62f98}> (0x00000000ebc62f98) 
thrown [s\src\hotspot\share\prims\jni.cpp, line 516]
Event: 78.915 Thread 0x000001ba155254c0 Exception <a 'sun/nio/fs/WindowsException'{0x00000000ebd0abc0}> (0x00000000ebd0abc0) 
thrown [s\src\hotspot\share\prims\jni.cpp, line 516]
Event: 78.920 Thread 0x000001ba155254c0 Exception <a 'sun/nio/fs/WindowsException'{0x00000000ebd7a0d8}> (0x00000000ebd7a0d8) 
thrown [s\src\hotspot\share\prims\jni.cpp, line 516]
Event: 78.920 Thread 0x000001ba155254c0 Exception <a 'sun/nio/fs/WindowsException'{0x00000000ebd7b2d8}> (0x00000000ebd7b2d8) 
thrown [s\src\hotspot\share\prims\jni.cpp, line 516]
Event: 79.169 Thread 0x000001ba155254c0 Exception <a 'sun/nio/fs/WindowsException'{0x00000000eab7e788}> (0x00000000eab7e788) 
thrown [s\src\hotspot\share\prims\jni.cpp, line 516]
Event: 79.179 Thread 0x000001ba155254c0 Exception <a 'sun/nio/fs/WindowsException'{0x00000000eabf6f58}> (0x00000000eabf6f58) 
thrown [s\src\hotspot\share\prims\jni.cpp, line 516]
Event: 79.189 Thread 0x000001ba155254c0 Exception <a 'sun/nio/fs/WindowsException'{0x00000000eaca2ea0}> (0x00000000eaca2ea0) 
thrown [s\src\hotspot\share\prims\jni.cpp, line 516]
Event: 79.204 Thread 0x000001ba155254c0 Exception <a 'sun/nio/fs/WindowsException'{0x00000000ead82a60}> (0x00000000ead82a60) 
thrown [s\src\hotspot\share\prims\jni.cpp, line 516]
Event: 79.219 Thread 0x000001ba155254c0 Exception <a 'sun/nio/fs/WindowsException'{0x00000000eae37328}> (0x00000000eae37328) 
thrown [s\src\hotspot\share\prims\jni.cpp, line 516]
Event: 79.254 Thread 0x000001ba155254c0 Exception <a 'sun/nio/fs/WindowsException'{0x00000000eafb0b20}> (0x00000000eafb0b20) 
thrown [s\src\hotspot\share\prims\jni.cpp, line 516]
Event: 79.255 Thread 0x000001ba155254c0 Exception <a 'sun/nio/fs/WindowsException'{0x00000000eafb1ba0}> (0x00000000eafb1ba0) 
thrown [s\src\hotspot\share\prims\jni.cpp, line 516]
Event: 79.399 Thread 0x000001ba155254c0 Exception <a 'sun/nio/fs/WindowsException'{0x00000000eb6fc2d8}> (0x00000000eb6fc2d8) 
thrown [s\src\hotspot\share\prims\jni.cpp, line 516]
Event: 79.405 Thread 0x000001ba155254c0 Exception <a 'sun/nio/fs/WindowsException'{0x00000000eb73fb00}> (0x00000000eb73fb00) 
thrown [s\src\hotspot\share\prims\jni.cpp, line 516]
Event: 79.415 Thread 0x000001ba155254c0 Exception <a 'sun/nio/fs/WindowsException'{0x00000000eb7833c8}> (0x00000000eb7833c8) 
thrown [s\src\hotspot\share\prims\jni.cpp, line 516]
Event: 79.421 Thread 0x000001ba155254c0 Exception <a 'sun/nio/fs/WindowsException'{0x00000000eb7c6da8}> (0x00000000eb7c6da8) 
thrown [s\src\hotspot\share\prims\jni.cpp, line 516]
Event: 79.428 Thread 0x000001ba155254c0 Exception <a 'sun/nio/fs/WindowsException'{0x00000000eb80a548}> (0x00000000eb80a548) 
thrown [s\src\hotspot\share\prims\jni.cpp, line 516]
Event: 79.436 Thread 0x000001ba155254c0 Exception <a 'sun/nio/fs/WindowsException'{0x00000000eb8b64a0}> (0x00000000eb8b64a0) 
thrown [s\src\hotspot\share\prims\jni.cpp, line 516]
Event: 79.929 Thread 0x000001ba155254c0 Exception <a 'sun/nio/fs/WindowsException'{0x00000000eb9b1ac8}> (0x00000000eb9b1ac8) 
thrown [s\src\hotspot\share\prims\jni.cpp, line 516]
Event: 79.929 Thread 0x000001ba155254c0 Exception <a 'sun/nio/fs/WindowsException'{0x00000000eb9b2100}> (0x00000000eb9b2100) 
thrown [s\src\hotspot\share\prims\jni.cpp, line 516]
Event: 80.031 Thread 0x000001ba17b70560 Exception <a 'java/lang/NoSuchMethodError'{0x00000000ebd25d10}: 'void java.lang.invoke.DirectMethodHandle$Holder.invokeSpecial(java.lang.Object, java.lang.Object, java.lang.Object, java.lang.Object, java.lang.Object)'> (0x00000000ebd25d10) 
thrown [s\src\hotspot\share\interpreter\linkResolver.cpp, line 759]

VM Operations (20 events):
Event: 76.807 Executing VM operation: HandshakeAllThreads done
Event: 77.186 Executing VM operation: HandshakeAllThreads
Event: 77.313 Executing VM operation: HandshakeAllThreads done
Event: 77.316 Executing VM operation: HandshakeAllThreads
Event: 77.865 Executing VM operation: HandshakeAllThreads done
Event: 77.865 Executing VM operation: Cleanup
Event: 77.865 Executing VM operation: Cleanup done
Event: 77.865 Executing VM operation: ParallelGCFailedAllocation
Event: 77.881 Executing VM operation: ParallelGCFailedAllocation done
Event: 77.916 Executing VM operation: HandshakeAllThreads
Event: 77.954 Executing VM operation: HandshakeAllThreads done
Event: 77.981 Executing VM operation: HandshakeAllThreads
Event: 78.004 Executing VM operation: HandshakeAllThreads done
Event: 78.094 Executing VM operation: ParallelGCFailedAllocation
Event: 78.184 Executing VM operation: ParallelGCFailedAllocation done
Event: 78.934 Executing VM operation: ParallelGCFailedAllocation
Event: 79.149 Executing VM operation: ParallelGCFailedAllocation done
Event: 79.567 Executing VM operation: ParallelGCFailedAllocation
Event: 79.636 Executing VM operation: ParallelGCFailedAllocation done
Event: 80.104 Executing VM operation: ParallelGCFailedAllocation

Memory protections (0 events):
No events

Nmethod flushes (20 events):
Event: 78.023 Thread 0x000001ba14138f50 flushing  nmethod 0x000001ba00d52d10
Event: 78.023 Thread 0x000001ba14138f50 flushing  nmethod 0x000001ba00d55790
Event: 78.023 Thread 0x000001ba14138f50 flushing  nmethod 0x000001ba00d55f10
Event: 78.023 Thread 0x000001ba14138f50 flushing  nmethod 0x000001ba00d56e90
Event: 78.023 Thread 0x000001ba14138f50 flushing  nmethod 0x000001ba00d57f90
Event: 78.023 Thread 0x000001ba14138f50 flushing  nmethod 0x000001ba00d6a510
Event: 78.023 Thread 0x000001ba14138f50 flushing  nmethod 0x000001ba00d7b310
Event: 78.023 Thread 0x000001ba14138f50 flushing  nmethod 0x000001ba00da6410
Event: 78.023 Thread 0x000001ba14138f50 flushing  nmethod 0x000001ba00dabe90
Event: 78.023 Thread 0x000001ba14138f50 flushing  nmethod 0x000001ba00dac510
Event: 78.023 Thread 0x000001ba14138f50 flushing  nmethod 0x000001ba00db1790
Event: 78.024 Thread 0x000001ba14138f50 flushing  nmethod 0x000001ba00dbc690
Event: 78.024 Thread 0x000001ba14138f50 flushing  nmethod 0x000001ba00de1790
Event: 78.024 Thread 0x000001ba14138f50 flushing  nmethod 0x000001ba00e6bd10
Event: 78.024 Thread 0x000001ba14138f50 flushing  nmethod 0x000001ba00f21c10
Event: 78.025 Thread 0x000001ba14138f50 flushing  nmethod 0x000001ba00f3dd10
Event: 78.025 Thread 0x000001ba14138f50 flushing  nmethod 0x000001ba00ff1a10
Event: 78.025 Thread 0x000001ba14138f50 flushing  nmethod 0x000001ba00ff2590
Event: 78.025 Thread 0x000001ba14138f50 flushing  nmethod 0x000001ba01045e90
Event: 78.025 Thread 0x000001ba14138f50 flushing  nmethod 0x000001ba01052310

Events (20 events):
Event: 47.528 Thread 0x000001ba7bcae170 Thread added: 0x000001ba207bf010
Event: 48.084 Thread 0x000001ba207bf010 Thread exited: 0x000001ba207bf010
Event: 59.187 Thread 0x000001ba7bcae170 Thread added: 0x000001ba207bf010
Event: 60.335 Thread 0x000001ba207bf010 Thread exited: 0x000001ba207bf010
Event: 60.485 Thread 0x000001ba7bc836b0 Thread added: 0x000001ba207bf010
Event: 61.368 Thread 0x000001ba207bf010 Thread exited: 0x000001ba207bf010
Event: 61.619 Thread 0x000001ba7bcae170 Thread added: 0x000001ba207bf010
Event: 62.877 Thread 0x000001ba207bf010 Thread exited: 0x000001ba207bf010
Event: 63.907 Thread 0x000001ba7bcae170 Thread added: 0x000001ba207bf010
Event: 64.867 Thread 0x000001ba207bf010 Thread exited: 0x000001ba207bf010
Event: 64.919 Thread 0x000001ba15e102a0 Thread added: 0x000001ba17b71eb0
Event: 64.998 Thread 0x000001ba7bcae170 Thread added: 0x000001ba207bf010
Event: 66.680 Thread 0x000001ba15e102a0 Thread added: 0x000001ba17b70560
Event: 67.156 Thread 0x000001ba15e102a0 Thread added: 0x000001ba17b70a70
Event: 71.851 Thread 0x000001ba207bf010 Thread exited: 0x000001ba207bf010
Event: 71.924 Thread 0x000001ba7bcae170 Thread added: 0x000001ba207bf010
Event: 76.166 Thread 0x000001ba207bf010 Thread exited: 0x000001ba207bf010
Event: 76.259 Thread 0x000001ba17b70560 Thread added: 0x000001ba17b6fb40
Event: 76.525 Thread 0x000001ba7bcae170 Thread added: 0x000001ba16ce1a80
Event: 77.884 Thread 0x000001ba16ce1a80 Thread exited: 0x000001ba16ce1a80


Dynamic libraries:
0x00007ff6885a0000 - 0x00007ff6885ae000 	c:\Users\dell\.vscode\extensions\redhat.java-1.36.0-win32-x64\jre\17.0.13-win32-x86_64\bin\java.exe
0x00007fff80db0000 - 0x00007fff80fa8000 	C:\WINDOWS\SYSTEM32\ntdll.dll
0x00007fff7f9e0000 - 0x00007fff7faa2000 	C:\WINDOWS\System32\KERNEL32.DLL
0x00007fff7e8e0000 - 0x00007fff7ebde000 	C:\WINDOWS\System32\KERNELBASE.dll
0x00007fff7e450000 - 0x00007fff7e550000 	C:\WINDOWS\System32\ucrtbase.dll
0x00007fff716c0000 - 0x00007fff716d7000 	c:\Users\dell\.vscode\extensions\redhat.java-1.36.0-win32-x64\jre\17.0.13-win32-x86_64\bin\jli.dll
0x00007fff7fab0000 - 0x00007fff7fc4d000 	C:\WINDOWS\System32\USER32.dll
0x00007fff7e630000 - 0x00007fff7e652000 	C:\WINDOWS\System32\win32u.dll
0x00007fff80c10000 - 0x00007fff80c3b000 	C:\WINDOWS\System32\GDI32.dll
0x00007fff7ec10000 - 0x00007fff7ed27000 	C:\WINDOWS\System32\gdi32full.dll
0x00007fff7ed30000 - 0x00007fff7edcd000 	C:\WINDOWS\System32\msvcp_win.dll
0x00007fff6c440000 - 0x00007fff6c45e000 	c:\Users\dell\.vscode\extensions\redhat.java-1.36.0-win32-x64\jre\17.0.13-win32-x86_64\bin\VCRUNTIME140.dll
0x00007fff63560000 - 0x00007fff637fa000 	C:\WINDOWS\WinSxS\amd64_microsoft.windows.common-controls_6595b64144ccf1df_6.0.19041.4355_none_60b8b9eb71f62e16\COMCTL32.dll
0x00007fff7fd00000 - 0x00007fff7fd9e000 	C:\WINDOWS\System32\msvcrt.dll
0x00007fff80a20000 - 0x00007fff80a4f000 	C:\WINDOWS\System32\IMM32.DLL
0x00007fff77dc0000 - 0x00007fff77dcc000 	c:\Users\dell\.vscode\extensions\redhat.java-1.36.0-win32-x64\jre\17.0.13-win32-x86_64\bin\vcruntime140_1.dll
0x00007fff522c0000 - 0x00007fff5234d000 	c:\Users\dell\.vscode\extensions\redhat.java-1.36.0-win32-x64\jre\17.0.13-win32-x86_64\bin\msvcp140.dll
0x00007fff215d0000 - 0x00007fff2223b000 	c:\Users\dell\.vscode\extensions\redhat.java-1.36.0-win32-x64\jre\17.0.13-win32-x86_64\bin\server\jvm.dll
0x00007fff7f340000 - 0x00007fff7f3f1000 	C:\WINDOWS\System32\ADVAPI32.dll
0x00007fff7f400000 - 0x00007fff7f49f000 	C:\WINDOWS\System32\sechost.dll
0x00007fff80a50000 - 0x00007fff80b73000 	C:\WINDOWS\System32\RPCRT4.dll
0x00007fff7ebe0000 - 0x00007fff7ec07000 	C:\WINDOWS\System32\bcrypt.dll
0x00007fff809b0000 - 0x00007fff80a1b000 	C:\WINDOWS\System32\WS2_32.dll
0x00007fff7e2a0000 - 0x00007fff7e2eb000 	C:\WINDOWS\SYSTEM32\POWRPROF.dll
0x00007fff696e0000 - 0x00007fff69707000 	C:\WINDOWS\SYSTEM32\WINMM.dll
0x00007fff760b0000 - 0x00007fff760ba000 	C:\WINDOWS\SYSTEM32\VERSION.dll
0x00007fff7e280000 - 0x00007fff7e292000 	C:\WINDOWS\SYSTEM32\UMPDC.dll
0x00007fff7cc30000 - 0x00007fff7cc42000 	C:\WINDOWS\SYSTEM32\kernel.appcore.dll
0x00007fff73490000 - 0x00007fff7349a000 	c:\Users\dell\.vscode\extensions\redhat.java-1.36.0-win32-x64\jre\17.0.13-win32-x86_64\bin\jimage.dll
0x00007fff7c180000 - 0x00007fff7c364000 	C:\WINDOWS\SYSTEM32\DBGHELP.DLL
0x00007fff690e0000 - 0x00007fff69114000 	C:\WINDOWS\SYSTEM32\dbgcore.DLL
0x00007fff7e5a0000 - 0x00007fff7e622000 	C:\WINDOWS\System32\bcryptPrimitives.dll
0x00007fff724a0000 - 0x00007fff724ae000 	c:\Users\dell\.vscode\extensions\redhat.java-1.36.0-win32-x64\jre\17.0.13-win32-x86_64\bin\instrument.dll
0x00007fff54b60000 - 0x00007fff54b85000 	c:\Users\dell\.vscode\extensions\redhat.java-1.36.0-win32-x64\jre\17.0.13-win32-x86_64\bin\java.dll
0x00007fff64970000 - 0x00007fff64988000 	c:\Users\dell\.vscode\extensions\redhat.java-1.36.0-win32-x64\jre\17.0.13-win32-x86_64\bin\zip.dll
0x00007fff80060000 - 0x00007fff807cd000 	C:\WINDOWS\System32\SHELL32.dll
0x00007fff7c470000 - 0x00007fff7cc14000 	C:\WINDOWS\SYSTEM32\windows.storage.dll
0x00007fff7efe0000 - 0x00007fff7f333000 	C:\WINDOWS\System32\combase.dll
0x00007fff7ddb0000 - 0x00007fff7ddde000 	C:\WINDOWS\SYSTEM32\Wldp.dll
0x00007fff80c40000 - 0x00007fff80d0d000 	C:\WINDOWS\System32\OLEAUT32.dll
0x00007fff7ffa0000 - 0x00007fff8004d000 	C:\WINDOWS\System32\SHCORE.dll
0x00007fff80d10000 - 0x00007fff80d65000 	C:\WINDOWS\System32\shlwapi.dll
0x00007fff7e380000 - 0x00007fff7e3a4000 	C:\WINDOWS\SYSTEM32\profapi.dll
0x00007fff57a30000 - 0x00007fff57a49000 	C:\Users\dell\.vscode\extensions\redhat.java-1.36.0-win32-x64\jre\17.0.13-win32-x86_64\bin\net.dll
0x00007fff76100000 - 0x00007fff7620d000 	C:\WINDOWS\SYSTEM32\WINHTTP.dll
0x00007fff7dac0000 - 0x00007fff7db2a000 	C:\WINDOWS\system32\mswsock.dll
0x00007fff56a70000 - 0x00007fff56a86000 	C:\Users\dell\.vscode\extensions\redhat.java-1.36.0-win32-x64\jre\17.0.13-win32-x86_64\bin\nio.dll
0x00007fff71de0000 - 0x00007fff71df0000 	c:\Users\dell\.vscode\extensions\redhat.java-1.36.0-win32-x64\jre\17.0.13-win32-x86_64\bin\verify.dll
0x00007fff52410000 - 0x00007fff52455000 	C:\Users\dell\AppData\Roaming\Code\User\globalStorage\redhat.java\1.36.0\config_win\org.eclipse.equinox.launcher\org.eclipse.equinox.launcher.win32.win32.x86_64_1.2.1100.v20240722-2106\eclipse_11904.dll
0x00007fff7eeb0000 - 0x00007fff7efdb000 	C:\WINDOWS\System32\ole32.dll
0x00007fff7dce0000 - 0x00007fff7dcf8000 	C:\WINDOWS\SYSTEM32\CRYPTSP.dll
0x00007fff7d3f0000 - 0x00007fff7d424000 	C:\WINDOWS\system32\rsaenh.dll
0x00007fff7e340000 - 0x00007fff7e36e000 	C:\WINDOWS\SYSTEM32\USERENV.dll
0x00007fff7dd00000 - 0x00007fff7dd0c000 	C:\WINDOWS\SYSTEM32\CRYPTBASE.dll
0x00007fff7d7c0000 - 0x00007fff7d7fb000 	C:\WINDOWS\SYSTEM32\IPHLPAPI.DLL
0x00007fff80050000 - 0x00007fff80058000 	C:\WINDOWS\System32\NSI.dll
0x00007fff76670000 - 0x00007fff76687000 	C:\WINDOWS\SYSTEM32\dhcpcsvc6.DLL
0x00007fff76b10000 - 0x00007fff76b2d000 	C:\WINDOWS\SYSTEM32\dhcpcsvc.DLL
0x00007fff7d800000 - 0x00007fff7d8ca000 	C:\WINDOWS\SYSTEM32\DNSAPI.dll
0x00007fff51e50000 - 0x00007fff51e99000 	C:\Users\dell\AppData\Local\Temp\jna-3079617\jna17295970539214304628.dll
0x00007fff7f970000 - 0x00007fff7f978000 	C:\WINDOWS\System32\PSAPI.DLL
0x00007fff7d640000 - 0x00007fff7d673000 	C:\WINDOWS\SYSTEM32\ntmarta.dll

dbghelp: loaded successfully - version: 4.0.5 - missing functions: none
symbol engine: initialized successfully - sym options: 0x614 - pdb path: .;c:\Users\dell\.vscode\extensions\redhat.java-1.36.0-win32-x64\jre\17.0.13-win32-x86_64\bin;C:\WINDOWS\SYSTEM32;C:\WINDOWS\WinSxS\amd64_microsoft.windows.common-controls_6595b64144ccf1df_6.0.19041.4355_none_60b8b9eb71f62e16;c:\Users\dell\.vscode\extensions\redhat.java-1.36.0-win32-x64\jre\17.0.13-win32-x86_64\bin\server;C:\Users\dell\AppData\Roaming\Code\User\globalStorage\redhat.java\1.36.0\config_win\org.eclipse.equinox.launcher\org.eclipse.equinox.launcher.win32.win32.x86_64_1.2.1100.v20240722-2106;C:\Users\dell\AppData\Local\Temp\jna-3079617

VM Arguments:
jvm_args: --add-modules=ALL-SYSTEM --add-opens=java.base/java.util=ALL-UNNAMED --add-opens=java.base/java.lang=ALL-UNNAMED --add-opens=java.base/sun.nio.fs=ALL-UNNAMED -Declipse.application=org.eclipse.jdt.ls.core.id1 -Dosgi.bundles.defaultStartLevel=4 -Declipse.product=org.eclipse.jdt.ls.core.product -Djava.import.generatesMetadataFilesAtProjectRoot=false -DDetectVMInstallationsJob.disabled=true -Dfile.encoding=utf8 -XX:+UseParallelGC -XX:GCTimeRatio=4 -XX:AdaptiveSizePolicyWeight=90 -Dsun.zip.disableMemoryMapping=true -Xmx1G -Xms100m -Xlog:disable -javaagent:c:\Users\dell\.vscode\extensions\redhat.java-1.36.0-win32-x64\lombok\lombok-1.18.35.jar -XX:+HeapDumpOnOutOfMemoryError -XX:HeapDumpPath=c:\Users\dell\AppData\Roaming\Code\User\workspaceStorage\a4247ba8b9e7802f6bc315f6b1c92591\redhat.java -Daether.dependencyCollector.impl=bf 
java_command: c:\Users\dell\.vscode\extensions\redhat.java-1.36.0-win32-x64\server\plugins\org.eclipse.equinox.launcher_1.6.900.v20240613-2009.jar -configuration c:\Users\dell\AppData\Roaming\Code\User\globalStorage\redhat.java\1.36.0\config_win -data c:\Users\dell\AppData\Roaming\Code\User\workspaceStorage\a4247ba8b9e7802f6bc315f6b1c92591\redhat.java\jdt_ws --pipe=\\.\pipe\lsp-30c32a278b7c8e99349876bb466ab8de-sock
java_class_path (initial): c:\Users\dell\.vscode\extensions\redhat.java-1.36.0-win32-x64\server\plugins\org.eclipse.equinox.launcher_1.6.900.v20240613-2009.jar
Launcher Type: SUN_STANDARD

[Global flags]
    uintx AdaptiveSizePolicyWeight                 = 90                                        {product} {command line}
     intx CICompilerCount                          = 3                                         {product} {ergonomic}
    uintx GCTimeRatio                              = 4                                         {product} {command line}
     bool HeapDumpOnOutOfMemoryError               = true                                   {manageable} {command line}
    ccstr HeapDumpPath                             = c:\Users\dell\AppData\Roaming\Code\User\workspaceStorage\a4247ba8b9e7802f6bc315f6b1c92591\redhat.java         {manageable} {command line}
   size_t InitialHeapSize                          = 104857600                                 {product} {command line}
   size_t MaxHeapSize                              = 1073741824                                {product} {command line}
   size_t MaxNewSize                               = 357564416                                 {product} {ergonomic}
   size_t MinHeapDeltaBytes                        = 524288                                    {product} {ergonomic}
   size_t MinHeapSize                              = 104857600                                 {product} {command line}
   size_t NewSize                                  = 34603008                                  {product} {ergonomic}
    uintx NonNMethodCodeHeapSize                   = 5832780                                {pd product} {ergonomic}
    uintx NonProfiledCodeHeapSize                  = 122912730                              {pd product} {ergonomic}
   size_t OldSize                                  = 70254592                                  {product} {ergonomic}
    uintx ProfiledCodeHeapSize                     = 122912730                              {pd product} {ergonomic}
    uintx ReservedCodeCacheSize                    = 251658240                              {pd product} {ergonomic}
     bool SegmentedCodeCache                       = true                                      {product} {ergonomic}
   size_t SoftMaxHeapSize                          = 1073741824                             {manageable} {ergonomic}
     bool UseCompressedClassPointers               = true                           {product lp64_product} {ergonomic}
     bool UseCompressedOops                        = true                           {product lp64_product} {ergonomic}
     bool UseLargePagesIndividualAllocation        = false                                  {pd product} {ergonomic}
     bool UseParallelGC                            = true                                      {product} {command line}

Logging:
Log output configuration:
 #0: stdout all=off uptime,level,tags
 #1: stderr all=off uptime,level,tags

Environment Variables:
PATH=C:\Python312\Scripts\;C:\Python312\;C:\Program Files\Common Files\Oracle\Java\javapath;C:\oraclexe\app\oracle\product\11.2.0\server\bin;C:\WINDOWS\system32;C:\WINDOWS;C:\WINDOWS\System32\Wbem;C:\WINDOWS\System32\WindowsPowerShell\v1.0\;C:\WINDOWS\System32\OpenSSH\;C:\MinGW\mingw32\bin;C:\Users\dell\AppData\Local\Programs\Python\Python311;C:\Users\dell\AppData\Local\Programs\Python\Python311\Scripts;C:\Users\dell\AppData\Local\Programs\Python\Python311\Lib\site-packages;C:\Program Files\dotnet\;C:\Program Files\Git\cmd;C:\ProgramData\chocolatey\bin;C:\Users\dell\AppData\Roaming\nvm;C:\Program Files\nodejs;C:\Users\dell\Downloads\clang+llvm-19.1.1-x86_64-pc-windows-msvc;C:\Users\dell\AppData\Local\Programs\Python\Python311\Scripts\;C:\Users\dell\AppData\Local\Programs\Python\Python311\;C:\Users\dell\AppData\Local\Programs\Python\Launcher\;C:\Program Files\MySQL\MySQL Shell 8.0\bin\;C:\Users\dell\AppData\Local\Microsoft\WindowsApps;C:\Users\dell\AppData\Local\Programs\Microsoft VS Code\bin;C:\Program Files\JetBrains\PyCharm Community Edition 2023.2.1\bin;;C:\Users\dell\AppData\Local\Microsoft\WinGet\Packages\Schniz.fnm_Microsoft.Winget.Source_8wekyb3d8bbwe;C:\Users\dell\AppData\Roaming\npm;C:\Users\dell\AppData\Roaming\nvm;C:\Program Files\nodejs;C:\Users\dell\Downloads\clang+llvm-19.1.1-x86_64-pc-windows-msvc;
USERNAME=dell
OS=Windows_NT
PROCESSOR_IDENTIFIER=Intel64 Family 6 Model 78 Stepping 3, GenuineIntel
TMP=C:\Users\dell\AppData\Local\Temp
TEMP=C:\Users\dell\AppData\Local\Temp



Periodic native trim disabled


---------------  S Y S T E M  ---------------

OS:
 Windows 10 , 64 bit Build 19041 (10.0.19041.5072)
OS uptime: 1 days 16:39 hours
Hyper-V role detected

CPU: total 4 (initial active 4) (2 cores per cpu, 2 threads per core) family 6 model 78 stepping 3 microcode 0xcc, cx8, cmov, fxsr, ht, mmx, 3dnowpref, sse, sse2, sse3, ssse3, sse4.1, sse4.2, popcnt, lzcnt, tsc, tscinvbit, avx, avx2, aes, erms, clmul, bmi1, bmi2, adx, fma, vzeroupper, clflush, clflushopt, hv
Processor Information for all 4 processors :
  Max Mhz: 2000, Current Mhz: 2000, Mhz Limit: 2000

Memory: 4k page, system-wide physical 8058M (285M free)
TotalPageFile size 12154M (AvailPageFile size 22M)
current process WorkingSet (physical memory assigned to process): 477M, peak: 672M
current process commit charge ("private bytes"): 653M, peak: 656M

vm_info: OpenJDK 64-Bit Server VM (17.0.13+11) for windows-amd64 JRE (17.0.13+11), built on Oct 16 2024 00:10:08 by "admin" with MS VC++ 17.7 (VS2022)

END.
