#
# There is insufficient memory for the Java Runtime Environment to continue.
# Native memory allocation (malloc) failed to allocate 1048576 bytes for AllocateHeap
# Possible reasons:
#   The system is out of physical RAM or swap space
#   The process is running with CompressedOops enabled, and the Java Heap may be blocking the growth of the native heap
# Possible solutions:
#   Reduce memory load on the system
#   Increase physical memory or swap space
#   Check if swap backing store is full
#   Decrease Java heap size (-Xmx/-Xms)
#   Decrease number of Java threads
#   Decrease Java thread stack sizes (-Xss)
#   Set larger code cache with -XX:ReservedCodeCacheSize=
#   JVM is running with Unscaled Compressed Oops mode in which the Java heap is
#     placed in the first 4GB address space. The Java Heap base address is the
#     maximum limit for the native heap growth. Please use -XX:HeapBaseMinAddress
#     to set the Java Heap base and to place the Java Heap above 4GB virtual address.
# This output file may be truncated or incomplete.
#
#  Out of Memory Error (allocation.cpp:44), pid=1596, tid=13748
#
# JRE version:  (17.0.12+8) (build )
# Java VM: Java HotSpot(TM) 64-Bit Server VM (17.0.12+8-LTS-286, mixed mode, sharing, tiered, compressed oops, compressed class ptrs, g1 gc, windows-amd64)
# No core dump will be written. Minidumps are not enabled by default on client versions of Windows
#

---------------  S U M M A R Y ------------

Command Line: -XX:+ShowCodeDetailsInExceptionMessages SequenceDetector

Host: Intel(R) Core(TM) i3-6006U CPU @ 2.00GHz, 4 cores, 7G,  Windows 10 , 64 bit Build 19041 (10.0.19041.5072)
Time: Wed Nov  6 11:12:00 2024 India Standard Time elapsed time: 0.027230 seconds (0d 0h 0m 0s)

---------------  T H R E A D  ---------------

Current thread (0x000001f4d01d7350):  JavaThread "Unknown thread" [_thread_in_vm, id=13748, stack(0x000000c9adf00000,0x000000c9ae000000)]

Stack: [0x000000c9adf00000,0x000000c9ae000000]
Native frames: (J=compiled Java code, j=interpreted, Vv=VM code, C=native code)
V  [jvm.dll+0x67a04a]
V  [jvm.dll+0x7da4ed]
V  [jvm.dll+0x7dbe33]
V  [jvm.dll+0x7dc4a3]
V  [jvm.dll+0x24508f]
V  [jvm.dll+0xa5e2b]
V  [jvm.dll+0x2e22de]
V  [jvm.dll+0x2d9fbb]
V  [jvm.dll+0x7aca21]
V  [jvm.dll+0x367591]
V  [jvm.dll+0x78b999]
V  [jvm.dll+0x3ec83f]
V  [jvm.dll+0x3ee471]
C  [jli.dll+0x5297]
C  [ucrtbase.dll+0x21bb2]
C  [KERNEL32.DLL+0x17374]
C  [ntdll.dll+0x4cc91]


---------------  P R O C E S S  ---------------

Threads class SMR info:
_java_thread_list=0x00007fff09397a18, length=0, elements={
}

Java Threads: ( => current thread )

Other Threads:
  0x000001f4d022e9d0 GCTaskThread "GC Thread#0" [stack: 0x000000c9ae000000,0x000000c9ae100000] [id=11244]

[error occurred during error reporting (printing all threads), id 0xc0000005, EXCEPTION_ACCESS_VIOLATION (0xc0000005) at pc=0x00007fff08bc70e0]

VM state: not at safepoint (not fully initialized)

VM Mutex/Monitor currently owned by a thread:  ([mutex/lock_event])
[0x000001f4d01d25b0] Heap_lock - owner thread: 0x000001f4d01d7350

Heap address: 0x0000000082000000, size: 2016 MB, Compressed Oops mode: 32-bit

CDS archive(s) mapped at: [0x0000000000000000-0x0000000000000000-0x0000000000000000), size 0, SharedBaseAddress: 0x0000000800000000, ArchiveRelocationMode: 1.
Narrow klass base: 0x0000000000000000, Narrow klass shift: 0, Narrow klass range: 0x0

GC Precious Log:
<Empty>

Heap:
 garbage-first heap   total 0K, used 0K [0x0000000082000000, 0x0000000100000000)
  region size 1024K, 0 young (0K), 0 survivors (0K)

[error occurred during error reporting (printing heap information), id 0xc0000005, EXCEPTION_ACCESS_VIOLATION (0xc0000005) at pc=0x00007fff08fb3859]

GC Heap History (0 events):
No events

Deoptimization events (0 events):
No events

Classes unloaded (0 events):
No events

Classes redefined (0 events):
No events

Internal exceptions (0 events):
No events

VM Operations (0 events):
No events

Events (1 events):
Event: 0.013 Loaded shared library C:\Program Files\Java\jdk-17\bin\java.dll


Dynamic libraries:
0x00007ff6134e0000 - 0x00007ff6134f0000 	C:\Program Files\Java\jdk-17\bin\java.exe
0x00007fff80db0000 - 0x00007fff80fa8000 	C:\WINDOWS\SYSTEM32\ntdll.dll
0x00007fff7f9e0000 - 0x00007fff7faa2000 	C:\WINDOWS\System32\KERNEL32.DLL
0x00007fff7e8e0000 - 0x00007fff7ebde000 	C:\WINDOWS\System32\KERNELBASE.dll
0x00007fff7e450000 - 0x00007fff7e550000 	C:\WINDOWS\System32\ucrtbase.dll
0x00007fff716c0000 - 0x00007fff716db000 	C:\Program Files\Java\jdk-17\bin\VCRUNTIME140.dll
0x00007fff73180000 - 0x00007fff73199000 	C:\Program Files\Java\jdk-17\bin\jli.dll
0x00007fff7f340000 - 0x00007fff7f3f1000 	C:\WINDOWS\System32\ADVAPI32.dll
0x00007fff7fd00000 - 0x00007fff7fd9e000 	C:\WINDOWS\System32\msvcrt.dll
0x00007fff7f400000 - 0x00007fff7f49f000 	C:\WINDOWS\System32\sechost.dll
0x00007fff80a50000 - 0x00007fff80b73000 	C:\WINDOWS\System32\RPCRT4.dll
0x00007fff7ebe0000 - 0x00007fff7ec07000 	C:\WINDOWS\System32\bcrypt.dll
0x00007fff7fab0000 - 0x00007fff7fc4d000 	C:\WINDOWS\System32\USER32.dll
0x00007fff63560000 - 0x00007fff637fa000 	C:\WINDOWS\WinSxS\amd64_microsoft.windows.common-controls_6595b64144ccf1df_6.0.19041.4355_none_60b8b9eb71f62e16\COMCTL32.dll
0x00007fff7e630000 - 0x00007fff7e652000 	C:\WINDOWS\System32\win32u.dll
0x00007fff80c10000 - 0x00007fff80c3b000 	C:\WINDOWS\System32\GDI32.dll
0x00007fff7ec10000 - 0x00007fff7ed27000 	C:\WINDOWS\System32\gdi32full.dll
0x00007fff7ed30000 - 0x00007fff7edcd000 	C:\WINDOWS\System32\msvcp_win.dll
0x00007fff760b0000 - 0x00007fff760ba000 	C:\WINDOWS\SYSTEM32\VERSION.dll
0x00007fff80a20000 - 0x00007fff80a4f000 	C:\WINDOWS\System32\IMM32.DLL
0x00007fff75ab0000 - 0x00007fff75abc000 	C:\Program Files\Java\jdk-17\bin\vcruntime140_1.dll
0x00007fff52470000 - 0x00007fff524fe000 	C:\Program Files\Java\jdk-17\bin\msvcp140.dll
0x00007fff088e0000 - 0x00007fff094c0000 	C:\Program Files\Java\jdk-17\bin\server\jvm.dll
0x00007fff7f970000 - 0x00007fff7f978000 	C:\WINDOWS\System32\PSAPI.DLL
0x00007fff696e0000 - 0x00007fff69707000 	C:\WINDOWS\SYSTEM32\WINMM.dll
0x00007fff6ae30000 - 0x00007fff6ae39000 	C:\WINDOWS\SYSTEM32\WSOCK32.dll
0x00007fff809b0000 - 0x00007fff80a1b000 	C:\WINDOWS\System32\WS2_32.dll
0x00007fff7cc30000 - 0x00007fff7cc42000 	C:\WINDOWS\SYSTEM32\kernel.appcore.dll
0x00007fff733c0000 - 0x00007fff733ca000 	C:\Program Files\Java\jdk-17\bin\jimage.dll
0x00007fff7c180000 - 0x00007fff7c364000 	C:\WINDOWS\SYSTEM32\DBGHELP.DLL
0x00007fff690e0000 - 0x00007fff69114000 	C:\WINDOWS\SYSTEM32\dbgcore.DLL
0x00007fff7e5a0000 - 0x00007fff7e622000 	C:\WINDOWS\System32\bcryptPrimitives.dll
0x00007fff66d40000 - 0x00007fff66d65000 	C:\Program Files\Java\jdk-17\bin\java.dll

dbghelp: loaded successfully - version: 4.0.5 - missing functions: none
symbol engine: initialized successfully - sym options: 0x614 - pdb path: .;C:\Program Files\Java\jdk-17\bin;C:\WINDOWS\SYSTEM32;C:\WINDOWS\WinSxS\amd64_microsoft.windows.common-controls_6595b64144ccf1df_6.0.19041.4355_none_60b8b9eb71f62e16;C:\Program Files\Java\jdk-17\bin\server

VM Arguments:
jvm_args: -XX:+ShowCodeDetailsInExceptionMessages 
java_command: SequenceDetector
java_class_path (initial): C:\Users\dell\AppData\Roaming\Code\User\workspaceStorage\a4247ba8b9e7802f6bc315f6b1c92591\redhat.java\jdt_ws\Capstone_7ce55095\bin
Launcher Type: SUN_STANDARD

[Global flags]
     intx CICompilerCount                          = 3                                         {product} {ergonomic}
     uint ConcGCThreads                            = 1                                         {product} {ergonomic}
     uint G1ConcRefinementThreads                  = 4                                         {product} {ergonomic}
   size_t G1HeapRegionSize                         = 1048576                                   {product} {ergonomic}
    uintx GCDrainStackTargetSize                   = 64                                        {product} {ergonomic}
   size_t InitialHeapSize                          = 132120576                                 {product} {ergonomic}
   size_t MarkStackSize                            = 4194304                                   {product} {ergonomic}
   size_t MaxHeapSize                              = 2113929216                                {product} {ergonomic}
   size_t MinHeapDeltaBytes                        = 1048576                                   {product} {ergonomic}
   size_t MinHeapSize                              = 8388608                                   {product} {ergonomic}
    uintx NonNMethodCodeHeapSize                   = 5832780                                {pd product} {ergonomic}
    uintx NonProfiledCodeHeapSize                  = 122912730                              {pd product} {ergonomic}
    uintx ProfiledCodeHeapSize                     = 122912730                              {pd product} {ergonomic}
    uintx ReservedCodeCacheSize                    = 251658240                              {pd product} {ergonomic}
     bool SegmentedCodeCache                       = true                                      {product} {ergonomic}
     bool ShowCodeDetailsInExceptionMessages       = true                                   {manageable} {command line}
   size_t SoftMaxHeapSize                          = 2113929216                             {manageable} {ergonomic}
     bool UseCompressedClassPointers               = true                           {product lp64_product} {ergonomic}
     bool UseCompressedOops                        = true                           {product lp64_product} {ergonomic}
     bool UseG1GC                                  = true                                      {product} {ergonomic}
     bool UseLargePagesIndividualAllocation        = false                                  {pd product} {ergonomic}

Logging:
Log output configuration:
 #0: stdout all=warning uptime,level,tags
 #1: stderr all=off uptime,level,tags

Environment Variables:
PATH=C:\Users\dell\AppData\Local\cloud-code\installer\google-cloud-sdk\bin;C:\Python312\Scripts\;C:\Python312\;C:\Program Files\Common Files\Oracle\Java\javapath;C:\oraclexe\app\oracle\product\11.2.0\server\bin;C:\WINDOWS\system32;C:\WINDOWS;C:\WINDOWS\System32\Wbem;C:\WINDOWS\System32\WindowsPowerShell\v1.0\;C:\WINDOWS\System32\OpenSSH\;C:\MinGW\mingw32\bin;C:\Users\dell\AppData\Local\Programs\Python\Python311;C:\Users\dell\AppData\Local\Programs\Python\Python311\Scripts;C:\Users\dell\AppData\Local\Programs\Python\Python311\Lib\site-packages;C:\Program Files\dotnet\;C:\Program Files\Git\cmd;C:\ProgramData\chocolatey\bin;C:\Users\dell\AppData\Roaming\nvm;C:\Program Files\nodejs;C:\Users\dell\Downloads\clang+llvm-19.1.1-x86_64-pc-windows-msvc;C:\Users\dell\AppData\Local\Programs\Python\Python311\Scripts\;C:\Users\dell\AppData\Local\Programs\Python\Python311\;C:\Users\dell\AppData\Local\Programs\Python\Launcher\;C:\Program Files\MySQL\MySQL Shell 8.0\bin\;C:\Users\dell\AppData\Local\Microsoft\WindowsApps;C:\Users\dell\AppData\Local\Programs\Microsoft VS Code\bin;C:\Program Files\JetBrains\PyCharm Community Edition 2023.2.1\bin;;C:\Users\dell\AppData\Local\Microsoft\WinGet\Packages\Schniz.fnm_Microsoft.Winget.Source_8wekyb3d8bbwe;C:\Users\dell\AppData\Roaming\npm;C:\Users\dell\AppData\Roaming\nvm;C:\Program Files\nodejs;C:\Users\dell\Downloads\clang+llvm-19.1.1-x86_64-pc-windows-msvc;
USERNAME=dell
LANG=en_US.UTF-8
OS=Windows_NT
PROCESSOR_IDENTIFIER=Intel64 Family 6 Model 78 Stepping 3, GenuineIntel



---------------  S Y S T E M  ---------------

OS:
 Windows 10 , 64 bit Build 19041 (10.0.19041.5072)
OS uptime: 1 days 16:29 hours
Hyper-V role detected

CPU: total 4 (initial active 4) (2 cores per cpu, 2 threads per core) family 6 model 78 stepping 3 microcode 0xcc, cx8, cmov, fxsr, ht, mmx, 3dnowpref, sse, sse2, sse3, ssse3, sse4.1, sse4.2, popcnt, lzcnt, tsc, tscinvbit, avx, avx2, aes, erms, clmul, bmi1, bmi2, adx, fma, vzeroupper, clflush, clflushopt, hv

Memory: 4k page, system-wide physical 8058M (476M free)
TotalPageFile size 12154M (AvailPageFile size 2M)
current process WorkingSet (physical memory assigned to process): 10M, peak: 10M
current process commit charge ("private bytes"): 49M, peak: 50M

vm_info: Java HotSpot(TM) 64-Bit Server VM (17.0.12+8-LTS-286) for windows-amd64 JRE (17.0.12+8-LTS-286), built on Jun  5 2024 06:46:59 by "mach5one" with MS VC++ 17.6 (VS2022)

END.
